Build date: 2017-09-28 11:13:27
[INFO] Scanning for projects...
[INFO] 
[INFO] ------------------------------------------------------------------------
[INFO] Building Tobago Theme Scarborough 4.0.0-SNAPSHOT
[INFO] ------------------------------------------------------------------------
[INFO] 
[INFO] --- maven-enforcer-plugin:3.0.0-M1:enforce (enforce) @ tobago-theme-scarborough ---
[INFO] 
[INFO] --- maven-remote-resources-plugin:1.5:process (default) @ tobago-theme-scarborough ---
[INFO] 
[INFO] --- maven-scm-plugin:1.9.5:checkout (step #1: checkout-bootstrap) @ tobago-theme-scarborough ---
[INFO] Removing __CURRENT__/tobago-theme-scarborough/target/checkout
[INFO] Executing: /bin/sh -c cd __CURRENT__/tobago-theme-scarborough/target && git clone --branch v4.0.0-beta https://github.com/twbs/bootstrap __CURRENT__/tobago-theme-scarborough/target/checkout
[INFO] Working directory: __CURRENT__/tobago-theme-scarborough/target
[INFO] Executing: /bin/sh -c cd /var/folders/w0/pg4pxr7972l6bq85x08s5cl00000gn/T/ && git ls-remote https://github.com/twbs/bootstrap
[INFO] Working directory: /var/folders/w0/pg4pxr7972l6bq85x08s5cl00000gn/T
[INFO] Executing: /bin/sh -c cd __CURRENT__/tobago-theme-scarborough/target/checkout && git pull https://github.com/twbs/bootstrap v4.0.0-beta:v4.0.0-beta
[INFO] Working directory: __CURRENT__/tobago-theme-scarborough/target/checkout
[INFO] Executing: /bin/sh -c cd __CURRENT__/tobago-theme-scarborough/target/checkout && git checkout v4.0.0-beta
[INFO] Working directory: __CURRENT__/tobago-theme-scarborough/target/checkout
[INFO] Executing: /bin/sh -c cd __CURRENT__/tobago-theme-scarborough/target/checkout && git ls-files
[INFO] Working directory: __CURRENT__/tobago-theme-scarborough/target/checkout
[INFO] 
[INFO] --- maven-resources-plugin:2.7:copy-resources (step #2: copy-bootstrap) @ tobago-theme-scarborough ---
[INFO] Using 'UTF-8' encoding to copy filtered resources.
[INFO] Copying 392 resources
[INFO] 
[INFO] --- maven-resources-plugin:2.7:copy-resources (step #3: copy-custom) @ tobago-theme-scarborough ---
[INFO] Using 'UTF-8' encoding to copy filtered resources.
[INFO] Copying 2 resources
[INFO] 
[INFO] --- maven-patch-plugin:1.2:apply (step #4: append-tobago-theme-to-bootstrap) @ tobago-theme-scarborough ---
[INFO] Applying patch: append-tobago-theme-to-bootstrap.patch
[INFO] 
[INFO] --- maven-dependency-plugin:3.0.2:unpack (step #5: unpack-custom) @ tobago-theme-scarborough ---
[INFO] Configured Artifact: org.apache.myfaces.tobago:tobago-core:4.0.0-SNAPSHOT:jar
[INFO] Unpacking __REPO__/org/apache/myfaces/tobago/tobago-core/4.0.0-SNAPSHOT/tobago-core-4.0.0-SNAPSHOT.jar to __CURRENT__/tobago-theme-scarborough/target/bootstrap with includes "**/*.scss" and excludes ""
[INFO] 
[INFO] --- frontend-maven-plugin:1.4:install-node-and-npm (step #6: install node and npm) @ tobago-theme-scarborough ---
[INFO] Installing node version v6.10.2
[INFO] Unpacking __REPO__/com/github/eirslett/node/6.10.2/node-6.10.2-darwin-x64.tar.gz into __CURRENT__/tobago-theme-scarborough/target/frontend/node/tmp
[INFO] Copying node binary from __CURRENT__/tobago-theme-scarborough/target/frontend/node/tmp/node-v6.10.2-darwin-x64/bin/node to __CURRENT__/tobago-theme-scarborough/target/frontend/node/node
[INFO] Installed node locally.
[INFO] Installing npm version 3.10.10
[INFO] Unpacking __REPO__/com/github/eirslett/npm/3.10.10/npm-3.10.10.tar.gz into __CURRENT__/tobago-theme-scarborough/target/frontend/node/node_modules
[INFO] Installed npm locally.
[INFO] 
[INFO] --- frontend-maven-plugin:1.4:npm (step #7: npm install) @ tobago-theme-scarborough ---
[INFO] Running 'npm install' in __CURRENT__/tobago-theme-scarborough/target/bootstrap
[WARNING] npm WARN deprecated babel-preset-es2015@6.24.1: We're super ðŸ˜¸  excited that you're trying to use ES2015 syntax, but instead of continuing yearly presets ðŸ˜­ , we recommend using babel-preset-env: npm install babel-preset-env. preset-env without options will compile ES2015+ down to ES5. And by targeting specific browsers, Babel can do less work and you can ship native ES2015+ to users ðŸ˜Ž ! Also, we are in the process of releasing v7, so give http://babeljs.io/blog/2017/09/12/planning-for-7.0 a read and test it! Thanks so much for using Babel ðŸ™ , please give us a follow @babeljs for updates, join slack.babeljs.io for discussion and help support at opencollective.com/babel
[WARNING] npm WARN prefer global coffee-script@1.10.0 should be installed with -g
[WARNING] npm WARN prefer global node-gyp@3.6.2 should be installed with -g
[INFO] 
[INFO] > fsevents@1.1.2 install __CURRENT__/tobago-theme-scarborough/target/bootstrap/node_modules/fsevents
[INFO] > node install
[INFO] 
[INFO] [fsevents] Success: "__CURRENT__/tobago-theme-scarborough/target/bootstrap/node_modules/fsevents/lib/binding/Release/node-v48-darwin-x64/fse.node" already installed
[INFO] Pass --update-binary to reinstall or --build-from-source to recompile
[INFO] 
[INFO] > node-sass@4.5.3 install __CURRENT__/tobago-theme-scarborough/target/bootstrap/node_modules/node-sass
[INFO] > node scripts/install.js
[INFO] 
[INFO] Cached binary found at __HOME__/.npm/node-sass/4.5.3/darwin-x64-48_binding.node
[INFO] 
[INFO] > phantomjs-prebuilt@2.1.15 install __CURRENT__/tobago-theme-scarborough/target/bootstrap/node_modules/phantomjs-prebuilt
[INFO] > node install.js
[INFO] 
[INFO] PhantomJS not found on PATH
[INFO] Download already available at /var/folders/w0/pg4pxr7972l6bq85x08s5cl00000gn/T/phantomjs/phantomjs-2.1.1-macosx.zip
[INFO] Verified checksum of previously downloaded file
[INFO] Extracting zip contents
[INFO] Removing __CURRENT__/tobago-theme-scarborough/target/bootstrap/node_modules/phantomjs-prebuilt/lib/phantom
[INFO] Copying extracted folder /var/folders/w0/pg4pxr7972l6bq85x08s5cl00000gn/T/phantomjs/phantomjs-2.1.1-macosx.zip-extract-1506590153133/phantomjs-2.1.1-macosx -> __CURRENT__/tobago-theme-scarborough/target/bootstrap/node_modules/phantomjs-prebuilt/lib/phantom
[INFO] Writing location.js file
[INFO] Done. Phantomjs binary available at __CURRENT__/tobago-theme-scarborough/target/bootstrap/node_modules/phantomjs-prebuilt/lib/phantom/bin/phantomjs
[INFO] 
[INFO] > node-sass@4.5.3 postinstall __CURRENT__/tobago-theme-scarborough/target/bootstrap/node_modules/node-sass
[INFO] > node scripts/build.js
[INFO] 
[INFO] Binary found at __CURRENT__/tobago-theme-scarborough/target/bootstrap/node_modules/node-sass/vendor/darwin-x64-48/binding.node
[INFO] Testing binary
[INFO] Binary is fine
[INFO] bootstrap@4.0.0-beta __CURRENT__/tobago-theme-scarborough/target/bootstrap
[INFO] â”œâ”€â”¬ autoprefixer@7.1.4 
[INFO] â”‚ â”œâ”€â”¬ browserslist@2.4.0 
[INFO] â”‚ â”‚ â””â”€â”€ electron-to-chromium@1.3.23 
[INFO] â”‚ â”œâ”€â”€ caniuse-lite@1.0.30000739 
[INFO] â”‚ â”œâ”€â”€ normalize-range@0.1.2 
[INFO] â”‚ â”œâ”€â”€ num2fraction@1.2.2 
[INFO] â”‚ â”œâ”€â”¬ postcss@6.0.12 
[INFO] â”‚ â”‚ â””â”€â”¬ supports-color@4.4.0 
[INFO] â”‚ â”‚   â””â”€â”€ has-flag@2.0.0 
[INFO] â”‚ â””â”€â”€ postcss-value-parser@3.3.0 
[INFO] â”œâ”€â”¬ babel-cli@6.26.0 
[INFO] â”‚ â”œâ”€â”¬ babel-core@6.26.0 
[INFO] â”‚ â”‚ â”œâ”€â”¬ babel-generator@6.26.0 
[INFO] â”‚ â”‚ â”‚ â”œâ”€â”¬ detect-indent@4.0.0 
[INFO] â”‚ â”‚ â”‚ â”‚ â””â”€â”¬ repeating@2.0.1 
[INFO] â”‚ â”‚ â”‚ â”‚   â””â”€â”€ is-finite@1.0.2 
[INFO] â”‚ â”‚ â”‚ â”œâ”€â”€ jsesc@1.3.0 
[INFO] â”‚ â”‚ â”‚ â””â”€â”€ trim-right@1.0.1 
[INFO] â”‚ â”‚ â”œâ”€â”€ babel-helpers@6.24.1 
[INFO] â”‚ â”‚ â”œâ”€â”€ babel-messages@6.23.0 
[INFO] â”‚ â”‚ â”œâ”€â”€ babel-template@6.26.0 
[INFO] â”‚ â”‚ â”œâ”€â”€ json5@0.5.1 
[INFO] â”‚ â”‚ â””â”€â”€ private@0.1.7 
[INFO] â”‚ â”œâ”€â”¬ babel-polyfill@6.26.0 
[INFO] â”‚ â”‚ â”œâ”€â”€ core-js@2.5.1 
[INFO] â”‚ â”‚ â””â”€â”€ regenerator-runtime@0.10.5 
[INFO] â”‚ â”œâ”€â”¬ babel-register@6.26.0 
[INFO] â”‚ â”‚ â”œâ”€â”¬ home-or-tmp@2.0.0 
[INFO] â”‚ â”‚ â”‚ â”œâ”€â”€ os-homedir@1.0.2 
[INFO] â”‚ â”‚ â”‚ â””â”€â”€ os-tmpdir@1.0.2 
[INFO] â”‚ â”‚ â””â”€â”€ source-map-support@0.4.18 
[INFO] â”‚ â”œâ”€â”¬ babel-runtime@6.26.0 
[INFO] â”‚ â”‚ â””â”€â”€ regenerator-runtime@0.11.0 
[INFO] â”‚ â”œâ”€â”¬ chokidar@1.7.0 
[INFO] â”‚ â”‚ â”œâ”€â”¬ anymatch@1.3.2 
[INFO] â”‚ â”‚ â”‚ â””â”€â”¬ normalize-path@2.1.1 
[INFO] â”‚ â”‚ â”‚   â””â”€â”€ remove-trailing-separator@1.1.0 
[INFO] â”‚ â”‚ â”œâ”€â”€ async-each@1.0.1 
[INFO] â”‚ â”‚ â”œâ”€â”¬ fsevents@1.1.2 
[INFO] â”‚ â”‚ â”‚ â””â”€â”¬ node-pre-gyp@0.6.36 
[INFO] â”‚ â”‚ â”‚   â”œâ”€â”¬ mkdirp@0.5.1 
[INFO] â”‚ â”‚ â”‚   â”‚ â””â”€â”€ minimist@0.0.8 
[INFO] â”‚ â”‚ â”‚   â”œâ”€â”¬ nopt@4.0.1 
[INFO] â”‚ â”‚ â”‚   â”‚ â”œâ”€â”€ abbrev@1.1.0 
[INFO] â”‚ â”‚ â”‚   â”‚ â””â”€â”¬ osenv@0.1.4 
[INFO] â”‚ â”‚ â”‚   â”‚   â”œâ”€â”€ os-homedir@1.0.2 
[INFO] â”‚ â”‚ â”‚   â”‚   â””â”€â”€ os-tmpdir@1.0.2 
[INFO] â”‚ â”‚ â”‚   â”œâ”€â”¬ npmlog@4.1.0 
[INFO] â”‚ â”‚ â”‚   â”‚ â”œâ”€â”¬ are-we-there-yet@1.1.4 
[INFO] â”‚ â”‚ â”‚   â”‚ â”‚ â””â”€â”€ delegates@1.0.0 
[INFO] â”‚ â”‚ â”‚   â”‚ â”œâ”€â”€ console-control-strings@1.1.0 
[INFO] â”‚ â”‚ â”‚   â”‚ â”œâ”€â”¬ gauge@2.7.4 
[INFO] â”‚ â”‚ â”‚   â”‚ â”‚ â”œâ”€â”€ aproba@1.1.1 
[INFO] â”‚ â”‚ â”‚   â”‚ â”‚ â”œâ”€â”€ has-unicode@2.0.1 
[INFO] â”‚ â”‚ â”‚   â”‚ â”‚ â”œâ”€â”€ object-assign@4.1.1 
[INFO] â”‚ â”‚ â”‚   â”‚ â”‚ â”œâ”€â”€ signal-exit@3.0.2 
[INFO] â”‚ â”‚ â”‚   â”‚ â”‚ â”œâ”€â”¬ string-width@1.0.2 
[INFO] â”‚ â”‚ â”‚   â”‚ â”‚ â”‚ â”œâ”€â”€ code-point-at@1.1.0 
[INFO] â”‚ â”‚ â”‚   â”‚ â”‚ â”‚ â””â”€â”¬ is-fullwidth-code-point@1.0.0 
[INFO] â”‚ â”‚ â”‚   â”‚ â”‚ â”‚   â””â”€â”€ number-is-nan@1.0.1 
[INFO] â”‚ â”‚ â”‚   â”‚ â”‚ â”œâ”€â”¬ strip-ansi@3.0.1 
[INFO] â”‚ â”‚ â”‚   â”‚ â”‚ â”‚ â””â”€â”€ ansi-regex@2.1.1 
[INFO] â”‚ â”‚ â”‚   â”‚ â”‚ â””â”€â”€ wide-align@1.1.2 
[INFO] â”‚ â”‚ â”‚   â”‚ â””â”€â”€ set-blocking@2.0.0 
[INFO] â”‚ â”‚ â”‚   â”œâ”€â”¬ rc@1.2.1 
[INFO] â”‚ â”‚ â”‚   â”‚ â”œâ”€â”€ deep-extend@0.4.2 
[WARNING] npm WARN bootstrap@4.0.0-beta requires a peer of jquery@>=1.9.1 but none was installed.
[INFO] â”‚ â”‚ â”‚   â”‚ â”œâ”€â”€ ini@1.3.4 
[INFO] â”‚ â”‚ â”‚   â”‚ â”œâ”€â”€ minimist@1.2.0 
[INFO] â”‚ â”‚ â”‚   â”‚ â””â”€â”€ strip-json-comments@2.0.1 
[INFO] â”‚ â”‚ â”‚   â”œâ”€â”¬ request@2.81.0 
[WARNING] npm WARN bootstrap@4.0.0-beta requires a peer of popper.js@^1.11.0 but none was installed.
[INFO] â”‚ â”‚ â”‚   â”‚ â”œâ”€â”€ aws-sign2@0.6.0 
[INFO] â”‚ â”‚ â”‚   â”‚ â”œâ”€â”€ aws4@1.6.0 
[INFO] â”‚ â”‚ â”‚   â”‚ â”œâ”€â”€ caseless@0.12.0 
[INFO] â”‚ â”‚ â”‚   â”‚ â”œâ”€â”¬ combined-stream@1.0.5 
[INFO] â”‚ â”‚ â”‚   â”‚ â”‚ â””â”€â”€ delayed-stream@1.0.0 
[INFO] â”‚ â”‚ â”‚   â”‚ â”œâ”€â”€ extend@3.0.1 
[INFO] â”‚ â”‚ â”‚   â”‚ â”œâ”€â”€ forever-agent@0.6.1 
[INFO] â”‚ â”‚ â”‚   â”‚ â”œâ”€â”¬ form-data@2.1.4 
[INFO] â”‚ â”‚ â”‚   â”‚ â”‚ â””â”€â”€ asynckit@0.4.0 
[INFO] â”‚ â”‚ â”‚   â”‚ â”œâ”€â”¬ har-validator@4.2.1 
[INFO] â”‚ â”‚ â”‚   â”‚ â”‚ â”œâ”€â”¬ ajv@4.11.8 
[INFO] â”‚ â”‚ â”‚   â”‚ â”‚ â”‚ â”œâ”€â”€ co@4.6.0 
[INFO] â”‚ â”‚ â”‚   â”‚ â”‚ â”‚ â””â”€â”¬ json-stable-stringify@1.0.1 
[INFO] â”‚ â”‚ â”‚   â”‚ â”‚ â”‚   â””â”€â”€ jsonify@0.0.0 
[INFO] â”‚ â”‚ â”‚   â”‚ â”‚ â””â”€â”€ har-schema@1.0.5 
[INFO] â”‚ â”‚ â”‚   â”‚ â”œâ”€â”¬ hawk@3.1.3 
[INFO] â”‚ â”‚ â”‚   â”‚ â”‚ â”œâ”€â”€ boom@2.10.1 
[INFO] â”‚ â”‚ â”‚   â”‚ â”‚ â”œâ”€â”€ cryptiles@2.0.5 
[INFO] â”‚ â”‚ â”‚   â”‚ â”‚ â”œâ”€â”€ hoek@2.16.3 
[INFO] â”‚ â”‚ â”‚   â”‚ â”‚ â””â”€â”€ sntp@1.0.9 
[INFO] â”‚ â”‚ â”‚   â”‚ â”œâ”€â”¬ http-signature@1.1.1 
[INFO] â”‚ â”‚ â”‚   â”‚ â”‚ â”œâ”€â”€ assert-plus@0.2.0 
[INFO] â”‚ â”‚ â”‚   â”‚ â”‚ â”œâ”€â”¬ jsprim@1.4.0 
[INFO] â”‚ â”‚ â”‚   â”‚ â”‚ â”‚ â”œâ”€â”€ assert-plus@1.0.0 
[INFO] â”‚ â”‚ â”‚   â”‚ â”‚ â”‚ â”œâ”€â”€ extsprintf@1.0.2 
[INFO] â”‚ â”‚ â”‚   â”‚ â”‚ â”‚ â”œâ”€â”€ json-schema@0.2.3 
[INFO] â”‚ â”‚ â”‚   â”‚ â”‚ â”‚ â””â”€â”€ verror@1.3.6 
[INFO] â”‚ â”‚ â”‚   â”‚ â”‚ â””â”€â”¬ sshpk@1.13.0 
[INFO] â”‚ â”‚ â”‚   â”‚ â”‚   â”œâ”€â”€ asn1@0.2.3 
[INFO] â”‚ â”‚ â”‚   â”‚ â”‚   â”œâ”€â”€ assert-plus@1.0.0 
[INFO] â”‚ â”‚ â”‚   â”‚ â”‚   â”œâ”€â”€ bcrypt-pbkdf@1.0.1 
[INFO] â”‚ â”‚ â”‚   â”‚ â”‚   â”œâ”€â”¬ dashdash@1.14.1 
[INFO] â”‚ â”‚ â”‚   â”‚ â”‚   â”‚ â””â”€â”€ assert-plus@1.0.0 
[INFO] â”‚ â”‚ â”‚   â”‚ â”‚   â”œâ”€â”€ ecc-jsbn@0.1.1 
[INFO] â”‚ â”‚ â”‚   â”‚ â”‚   â”œâ”€â”¬ getpass@0.1.7 
[INFO] â”‚ â”‚ â”‚   â”‚ â”‚   â”‚ â””â”€â”€ assert-plus@1.0.0 
[INFO] â”‚ â”‚ â”‚   â”‚ â”‚   â”œâ”€â”€ jodid25519@1.0.2 
[INFO] â”‚ â”‚ â”‚   â”‚ â”‚   â”œâ”€â”€ jsbn@0.1.1 
[INFO] â”‚ â”‚ â”‚   â”‚ â”‚   â””â”€â”€ tweetnacl@0.14.5 
[INFO] â”‚ â”‚ â”‚   â”‚ â”œâ”€â”€ is-typedarray@1.0.0 
[INFO] â”‚ â”‚ â”‚   â”‚ â”œâ”€â”€ isstream@0.1.2 
[INFO] â”‚ â”‚ â”‚   â”‚ â”œâ”€â”€ json-stringify-safe@5.0.1 
[INFO] â”‚ â”‚ â”‚   â”‚ â”œâ”€â”¬ mime-types@2.1.15 
[INFO] â”‚ â”‚ â”‚   â”‚ â”‚ â””â”€â”€ mime-db@1.27.0 
[INFO] â”‚ â”‚ â”‚   â”‚ â”œâ”€â”€ oauth-sign@0.8.2 
[INFO] â”‚ â”‚ â”‚   â”‚ â”œâ”€â”€ performance-now@0.2.0 
[INFO] â”‚ â”‚ â”‚   â”‚ â”œâ”€â”€ qs@6.4.0 
[INFO] â”‚ â”‚ â”‚   â”‚ â”œâ”€â”€ safe-buffer@5.0.1 
[INFO] â”‚ â”‚ â”‚   â”‚ â”œâ”€â”€ stringstream@0.0.5 
[INFO] â”‚ â”‚ â”‚   â”‚ â”œâ”€â”¬ tough-cookie@2.3.2 
[INFO] â”‚ â”‚ â”‚   â”‚ â”‚ â””â”€â”€ punycode@1.4.1 
[INFO] â”‚ â”‚ â”‚   â”‚ â”œâ”€â”€ tunnel-agent@0.6.0 
[INFO] â”‚ â”‚ â”‚   â”‚ â””â”€â”€ uuid@3.0.1 
[INFO] â”‚ â”‚ â”‚   â”œâ”€â”¬ rimraf@2.6.1 
[INFO] â”‚ â”‚ â”‚   â”‚ â””â”€â”¬ glob@7.1.2 
[INFO] â”‚ â”‚ â”‚   â”‚   â”œâ”€â”€ fs.realpath@1.0.0 
[INFO] â”‚ â”‚ â”‚   â”‚   â”œâ”€â”€ inflight@1.0.6 
[INFO] â”‚ â”‚ â”‚   â”‚   â”œâ”€â”¬ minimatch@3.0.4 
[INFO] â”‚ â”‚ â”‚   â”‚   â”‚ â””â”€â”¬ brace-expansion@1.1.7 
[INFO] â”‚ â”‚ â”‚   â”‚   â”‚   â”œâ”€â”€ balanced-match@0.4.2 
[INFO] â”‚ â”‚ â”‚   â”‚   â”‚   â””â”€â”€ concat-map@0.0.1 
[INFO] â”‚ â”‚ â”‚   â”‚   â””â”€â”€ path-is-absolute@1.0.1 
[INFO] â”‚ â”‚ â”‚   â”œâ”€â”€ semver@5.3.0 
[INFO] â”‚ â”‚ â”‚   â”œâ”€â”¬ tar@2.2.1 
[INFO] â”‚ â”‚ â”‚   â”‚ â”œâ”€â”€ block-stream@0.0.9 
[INFO] â”‚ â”‚ â”‚   â”‚ â”œâ”€â”¬ fstream@1.0.11 
[INFO] â”‚ â”‚ â”‚   â”‚ â”‚ â””â”€â”€ graceful-fs@4.1.11 
[INFO] â”‚ â”‚ â”‚   â”‚ â””â”€â”€ inherits@2.0.3 
[INFO] â”‚ â”‚ â”‚   â””â”€â”¬ tar-pack@3.4.0 
[INFO] â”‚ â”‚ â”‚     â”œâ”€â”¬ debug@2.6.8 
[INFO] â”‚ â”‚ â”‚     â”‚ â””â”€â”€ ms@2.0.0 
[INFO] â”‚ â”‚ â”‚     â”œâ”€â”€ fstream-ignore@1.0.5 
[INFO] â”‚ â”‚ â”‚     â”œâ”€â”¬ once@1.4.0 
[INFO] â”‚ â”‚ â”‚     â”‚ â””â”€â”€ wrappy@1.0.2 
[INFO] â”‚ â”‚ â”‚     â”œâ”€â”¬ readable-stream@2.2.9 
[INFO] â”‚ â”‚ â”‚     â”‚ â”œâ”€â”€ buffer-shims@1.0.0 
[INFO] â”‚ â”‚ â”‚     â”‚ â”œâ”€â”€ core-util-is@1.0.2 
[INFO] â”‚ â”‚ â”‚     â”‚ â”œâ”€â”€ isarray@1.0.0 
[INFO] â”‚ â”‚ â”‚     â”‚ â”œâ”€â”€ process-nextick-args@1.0.7 
[INFO] â”‚ â”‚ â”‚     â”‚ â”œâ”€â”€ string_decoder@1.0.1 
[INFO] â”‚ â”‚ â”‚     â”‚ â””â”€â”€ util-deprecate@1.0.2 
[INFO] â”‚ â”‚ â”‚     â””â”€â”€ uid-number@0.0.6 
[INFO] â”‚ â”‚ â”œâ”€â”€ glob-parent@2.0.0 
[INFO] â”‚ â”‚ â”œâ”€â”€ inherits@2.0.3 
[INFO] â”‚ â”‚ â”œâ”€â”¬ is-binary-path@1.0.1 
[INFO] â”‚ â”‚ â”‚ â””â”€â”€ binary-extensions@1.10.0 
[INFO] â”‚ â”‚ â”œâ”€â”¬ is-glob@2.0.1 
[INFO] â”‚ â”‚ â”‚ â””â”€â”€ is-extglob@1.0.0 
[INFO] â”‚ â”‚ â””â”€â”¬ readdirp@2.1.0 
[INFO] â”‚ â”‚   â””â”€â”€ set-immediate-shim@1.0.1 
[INFO] â”‚ â”œâ”€â”€ commander@2.11.0 
[INFO] â”‚ â”œâ”€â”€ convert-source-map@1.5.0 
[INFO] â”‚ â”œâ”€â”€ fs-readdir-recursive@1.0.0 
[INFO] â”‚ â”œâ”€â”¬ glob@7.1.2 
[INFO] â”‚ â”‚ â”œâ”€â”€ fs.realpath@1.0.0 
[INFO] â”‚ â”‚ â”œâ”€â”¬ inflight@1.0.6 
[INFO] â”‚ â”‚ â”‚ â””â”€â”€ wrappy@1.0.2 
[INFO] â”‚ â”‚ â””â”€â”€ once@1.4.0 
[INFO] â”‚ â”œâ”€â”€ lodash@4.17.4 
[INFO] â”‚ â”œâ”€â”¬ output-file-sync@1.1.2 
[INFO] â”‚ â”‚ â”œâ”€â”€ graceful-fs@4.1.11 
[INFO] â”‚ â”‚ â””â”€â”€ object-assign@4.1.1 
[INFO] â”‚ â”œâ”€â”€ path-is-absolute@1.0.1 
[INFO] â”‚ â”œâ”€â”€ slash@1.0.0 
[INFO] â”‚ â”œâ”€â”€ source-map@0.5.7 
[INFO] â”‚ â””â”€â”¬ v8flags@2.1.1 
[INFO] â”‚   â””â”€â”€ user-home@1.1.1 
[INFO] â”œâ”€â”¬ babel-eslint@7.2.3 
[INFO] â”‚ â”œâ”€â”¬ babel-code-frame@6.26.0 
[INFO] â”‚ â”‚ â”œâ”€â”¬ chalk@1.1.3 
[INFO] â”‚ â”‚ â”‚ â”œâ”€â”€ ansi-styles@2.2.1 
[INFO] â”‚ â”‚ â”‚ â””â”€â”€ supports-color@2.0.0 
[INFO] â”‚ â”‚ â””â”€â”€ js-tokens@3.0.2 
[INFO] â”‚ â”œâ”€â”¬ babel-traverse@6.26.0 
[INFO] â”‚ â”‚ â””â”€â”¬ invariant@2.2.2 
[INFO] â”‚ â”‚   â””â”€â”€ loose-envify@1.3.1 
[INFO] â”‚ â”œâ”€â”¬ babel-types@6.26.0 
[INFO] â”‚ â”‚ â””â”€â”€ to-fast-properties@1.0.3 
[INFO] â”‚ â””â”€â”€ babylon@6.18.0 
[INFO] â”œâ”€â”€ babel-plugin-transform-es2015-modules-strip@0.1.1 
[INFO] â”œâ”€â”¬ babel-preset-es2015@6.24.1 
[INFO] â”‚ â”œâ”€â”€ babel-plugin-check-es2015-constants@6.22.0 
[INFO] â”‚ â”œâ”€â”€ babel-plugin-transform-es2015-arrow-functions@6.22.0 
[INFO] â”‚ â”œâ”€â”€ babel-plugin-transform-es2015-block-scoped-functions@6.22.0 
[INFO] â”‚ â”œâ”€â”€ babel-plugin-transform-es2015-block-scoping@6.26.0 
[INFO] â”‚ â”œâ”€â”¬ babel-plugin-transform-es2015-classes@6.24.1 
[INFO] â”‚ â”‚ â”œâ”€â”€ babel-helper-define-map@6.26.0 
[INFO] â”‚ â”‚ â”œâ”€â”€ babel-helper-function-name@6.24.1 
[INFO] â”‚ â”‚ â”œâ”€â”€ babel-helper-optimise-call-expression@6.24.1 
[INFO] â”‚ â”‚ â””â”€â”€ babel-helper-replace-supers@6.24.1 
[INFO] â”‚ â”œâ”€â”€ babel-plugin-transform-es2015-computed-properties@6.24.1 
[INFO] â”‚ â”œâ”€â”€ babel-plugin-transform-es2015-destructuring@6.23.0 
[INFO] â”‚ â”œâ”€â”€ babel-plugin-transform-es2015-duplicate-keys@6.24.1 
[INFO] â”‚ â”œâ”€â”€ babel-plugin-transform-es2015-for-of@6.23.0 
[INFO] â”‚ â”œâ”€â”€ babel-plugin-transform-es2015-function-name@6.24.1 
[INFO] â”‚ â”œâ”€â”€ babel-plugin-transform-es2015-literals@6.22.0 
[INFO] â”‚ â”œâ”€â”€ babel-plugin-transform-es2015-modules-amd@6.24.1 
[INFO] â”‚ â”œâ”€â”¬ babel-plugin-transform-es2015-modules-commonjs@6.26.0 
[INFO] â”‚ â”‚ â””â”€â”€ babel-plugin-transform-strict-mode@6.24.1 
[INFO] â”‚ â”œâ”€â”¬ babel-plugin-transform-es2015-modules-systemjs@6.24.1 
[INFO] â”‚ â”‚ â””â”€â”€ babel-helper-hoist-variables@6.24.1 
[INFO] â”‚ â”œâ”€â”€ babel-plugin-transform-es2015-modules-umd@6.24.1 
[INFO] â”‚ â”œâ”€â”€ babel-plugin-transform-es2015-object-super@6.24.1 
[INFO] â”‚ â”œâ”€â”¬ babel-plugin-transform-es2015-parameters@6.24.1 
[INFO] â”‚ â”‚ â”œâ”€â”€ babel-helper-call-delegate@6.24.1 
[INFO] â”‚ â”‚ â””â”€â”€ babel-helper-get-function-arity@6.24.1 
[INFO] â”‚ â”œâ”€â”€ babel-plugin-transform-es2015-shorthand-properties@6.24.1 
[INFO] â”‚ â”œâ”€â”€ babel-plugin-transform-es2015-spread@6.22.0 
[INFO] â”‚ â”œâ”€â”¬ babel-plugin-transform-es2015-sticky-regex@6.24.1 
[INFO] â”‚ â”‚ â””â”€â”€ babel-helper-regex@6.26.0 
[INFO] â”‚ â”œâ”€â”€ babel-plugin-transform-es2015-template-literals@6.22.0 
[INFO] â”‚ â”œâ”€â”€ babel-plugin-transform-es2015-typeof-symbol@6.23.0 
[INFO] â”‚ â”œâ”€â”¬ babel-plugin-transform-es2015-unicode-regex@6.24.1 
[INFO] â”‚ â”‚ â””â”€â”¬ regexpu-core@2.0.0 
[INFO] â”‚ â”‚   â”œâ”€â”€ regenerate@1.3.3 
[INFO] â”‚ â”‚   â”œâ”€â”€ regjsgen@0.2.0 
[INFO] â”‚ â”‚   â””â”€â”¬ regjsparser@0.1.5 
[INFO] â”‚ â”‚     â””â”€â”€ jsesc@0.5.0 
[INFO] â”‚ â””â”€â”¬ babel-plugin-transform-regenerator@6.26.0 
[INFO] â”‚   â””â”€â”€ regenerator-transform@0.10.1 
[INFO] â”œâ”€â”¬ clean-css-cli@4.1.10 
[INFO] â”‚ â””â”€â”€ clean-css@4.1.9 
[INFO] â”œâ”€â”¬ eslint@4.7.2 
[INFO] â”‚ â”œâ”€â”¬ ajv@5.2.3 
[INFO] â”‚ â”‚ â”œâ”€â”€ co@4.6.0 
[INFO] â”‚ â”‚ â”œâ”€â”€ fast-deep-equal@1.0.0 
[INFO] â”‚ â”‚ â””â”€â”€ json-schema-traverse@0.3.1 
[INFO] â”‚ â”œâ”€â”¬ chalk@2.1.0 
[INFO] â”‚ â”‚ â””â”€â”€ escape-string-regexp@1.0.5 
[INFO] â”‚ â”œâ”€â”¬ concat-stream@1.6.0 
[INFO] â”‚ â”‚ â”œâ”€â”¬ readable-stream@2.3.3 
[INFO] â”‚ â”‚ â”‚ â”œâ”€â”€ core-util-is@1.0.2 
[INFO] â”‚ â”‚ â”‚ â”œâ”€â”€ process-nextick-args@1.0.7 
[INFO] â”‚ â”‚ â”‚ â”œâ”€â”€ string_decoder@1.0.3 
[INFO] â”‚ â”‚ â”‚ â””â”€â”€ util-deprecate@1.0.2 
[INFO] â”‚ â”‚ â””â”€â”€ typedarray@0.0.6 
[INFO] â”‚ â”œâ”€â”¬ cross-spawn@5.1.0 
[INFO] â”‚ â”‚ â”œâ”€â”¬ lru-cache@4.1.1 
[INFO] â”‚ â”‚ â”‚ â”œâ”€â”€ pseudomap@1.0.2 
[INFO] â”‚ â”‚ â”‚ â””â”€â”€ yallist@2.1.2 
[INFO] â”‚ â”‚ â”œâ”€â”¬ shebang-command@1.2.0 
[INFO] â”‚ â”‚ â”‚ â””â”€â”€ shebang-regex@1.0.0 
[INFO] â”‚ â”‚ â””â”€â”€ which@1.3.0 
[INFO] â”‚ â”œâ”€â”¬ debug@3.1.0 
[INFO] â”‚ â”‚ â””â”€â”€ ms@2.0.0 
[INFO] â”‚ â”œâ”€â”¬ doctrine@2.0.0 
[INFO] â”‚ â”‚ â””â”€â”€ isarray@1.0.0 
[INFO] â”‚ â”œâ”€â”¬ eslint-scope@3.7.1 
[INFO] â”‚ â”‚ â””â”€â”€ esrecurse@4.2.0 
[INFO] â”‚ â”œâ”€â”¬ espree@3.5.1 
[INFO] â”‚ â”‚ â”œâ”€â”€ acorn@5.1.2 
[INFO] â”‚ â”‚ â””â”€â”¬ acorn-jsx@3.0.1 
[INFO] â”‚ â”‚   â””â”€â”€ acorn@3.3.0 
[INFO] â”‚ â”œâ”€â”€ esquery@1.0.0 
[INFO] â”‚ â”œâ”€â”€ estraverse@4.2.0 
[INFO] â”‚ â”œâ”€â”€ esutils@2.0.2 
[INFO] â”‚ â”œâ”€â”¬ file-entry-cache@2.0.0 
[INFO] â”‚ â”‚ â””â”€â”¬ flat-cache@1.3.0 
[INFO] â”‚ â”‚   â”œâ”€â”€ circular-json@0.3.3 
[INFO] â”‚ â”‚   â”œâ”€â”¬ del@2.2.2 
[INFO] â”‚ â”‚   â”‚ â”œâ”€â”¬ globby@5.0.0 
[INFO] â”‚ â”‚   â”‚ â”‚ â””â”€â”€ arrify@1.0.1 
[INFO] â”‚ â”‚   â”‚ â”œâ”€â”€ is-path-cwd@1.0.0 
[INFO] â”‚ â”‚   â”‚ â””â”€â”¬ is-path-in-cwd@1.0.0 
[INFO] â”‚ â”‚   â”‚   â””â”€â”€ is-path-inside@1.0.0 
[INFO] â”‚ â”‚   â””â”€â”€ write@0.2.1 
[INFO] â”‚ â”œâ”€â”€ functional-red-black-tree@1.0.1 
[INFO] â”‚ â”œâ”€â”€ globals@9.18.0 
[INFO] â”‚ â”œâ”€â”€ ignore@3.3.5 
[INFO] â”‚ â”œâ”€â”€ imurmurhash@0.1.4 
[INFO] â”‚ â”œâ”€â”¬ inquirer@3.3.0 
[INFO] â”‚ â”‚ â”œâ”€â”€ ansi-escapes@3.0.0 
[INFO] â”‚ â”‚ â”œâ”€â”¬ cli-cursor@2.1.0 
[INFO] â”‚ â”‚ â”‚ â””â”€â”¬ restore-cursor@2.0.0 
[INFO] â”‚ â”‚ â”‚   â””â”€â”€ onetime@2.0.1 
[INFO] â”‚ â”‚ â”œâ”€â”€ cli-width@2.2.0 
[INFO] â”‚ â”‚ â”œâ”€â”¬ external-editor@2.0.5 
[INFO] â”‚ â”‚ â”‚ â”œâ”€â”€ jschardet@1.5.1 
[INFO] â”‚ â”‚ â”‚ â””â”€â”€ tmp@0.0.33 
[INFO] â”‚ â”‚ â”œâ”€â”€ figures@2.0.0 
[INFO] â”‚ â”‚ â”œâ”€â”€ mute-stream@0.0.7 
[INFO] â”‚ â”‚ â”œâ”€â”¬ run-async@2.3.0 
[INFO] â”‚ â”‚ â”‚ â””â”€â”€ is-promise@2.1.0 
[INFO] â”‚ â”‚ â”œâ”€â”€ rx-lite@4.0.8 
[INFO] â”‚ â”‚ â”œâ”€â”€ rx-lite-aggregates@4.0.8 
[INFO] â”‚ â”‚ â”œâ”€â”¬ string-width@2.1.1 
[INFO] â”‚ â”‚ â”‚ â”œâ”€â”€ is-fullwidth-code-point@2.0.0 
[INFO] â”‚ â”‚ â”‚ â””â”€â”¬ strip-ansi@4.0.0 
[INFO] â”‚ â”‚ â”‚   â””â”€â”€ ansi-regex@3.0.0 
[INFO] â”‚ â”‚ â”œâ”€â”¬ strip-ansi@4.0.0 
[INFO] â”‚ â”‚ â”‚ â””â”€â”€ ansi-regex@3.0.0 
[INFO] â”‚ â”‚ â””â”€â”€ through@2.3.8 
[INFO] â”‚ â”œâ”€â”¬ is-resolvable@1.0.0 
[INFO] â”‚ â”‚ â””â”€â”€ tryit@1.0.3 
[INFO] â”‚ â”œâ”€â”¬ js-yaml@3.10.0 
[INFO] â”‚ â”‚ â”œâ”€â”¬ argparse@1.0.9 
[INFO] â”‚ â”‚ â”‚ â””â”€â”€ sprintf-js@1.0.3 
[INFO] â”‚ â”‚ â””â”€â”€ esprima@4.0.0 
[INFO] â”‚ â”œâ”€â”¬ json-stable-stringify@1.0.1 
[INFO] â”‚ â”‚ â””â”€â”€ jsonify@0.0.0 
[INFO] â”‚ â”œâ”€â”¬ levn@0.3.0 
[INFO] â”‚ â”‚ â”œâ”€â”€ prelude-ls@1.1.2 
[INFO] â”‚ â”‚ â””â”€â”€ type-check@0.3.2 
[INFO] â”‚ â”œâ”€â”¬ minimatch@3.0.4 
[INFO] â”‚ â”‚ â””â”€â”¬ brace-expansion@1.1.8 
[INFO] â”‚ â”‚   â”œâ”€â”€ balanced-match@1.0.0 
[INFO] â”‚ â”‚   â””â”€â”€ concat-map@0.0.1 
[INFO] â”‚ â”œâ”€â”¬ mkdirp@0.5.1 
[INFO] â”‚ â”‚ â””â”€â”€ minimist@0.0.8 
[INFO] â”‚ â”œâ”€â”€ natural-compare@1.4.0 
[INFO] â”‚ â”œâ”€â”¬ optionator@0.8.2 
[INFO] â”‚ â”‚ â”œâ”€â”€ deep-is@0.1.3 
[INFO] â”‚ â”‚ â”œâ”€â”€ fast-levenshtein@2.0.6 
[INFO] â”‚ â”‚ â””â”€â”€ wordwrap@1.0.0 
[INFO] â”‚ â”œâ”€â”€ path-is-inside@1.0.2 
[INFO] â”‚ â”œâ”€â”€ pluralize@7.0.0 
[INFO] â”‚ â”œâ”€â”€ progress@2.0.0 
[INFO] â”‚ â”œâ”€â”¬ require-uncached@1.0.3 
[INFO] â”‚ â”‚ â”œâ”€â”¬ caller-path@0.1.0 
[INFO] â”‚ â”‚ â”‚ â””â”€â”€ callsites@0.2.0 
[INFO] â”‚ â”‚ â””â”€â”€ resolve-from@1.0.1 
[INFO] â”‚ â”œâ”€â”€ semver@5.4.1 
[INFO] â”‚ â”œâ”€â”¬ strip-ansi@4.0.0 
[INFO] â”‚ â”‚ â””â”€â”€ ansi-regex@3.0.0 
[INFO] â”‚ â”œâ”€â”€ strip-json-comments@2.0.1 
[INFO] â”‚ â”œâ”€â”¬ table@4.0.2 
[INFO] â”‚ â”‚ â”œâ”€â”€ ajv-keywords@2.1.0 
[INFO] â”‚ â”‚ â””â”€â”€ slice-ansi@1.0.0 
[INFO] â”‚ â””â”€â”€ text-table@0.2.0 
[INFO] â”œâ”€â”¬ grunt@1.0.1 
[INFO] â”‚ â”œâ”€â”€ coffee-script@1.10.0 
[INFO] â”‚ â”œâ”€â”€ dateformat@1.0.12 
[INFO] â”‚ â”œâ”€â”€ eventemitter2@0.4.14 
[INFO] â”‚ â”œâ”€â”€ exit@0.1.2 
[INFO] â”‚ â”œâ”€â”¬ findup-sync@0.3.0 
[INFO] â”‚ â”‚ â””â”€â”€ glob@5.0.15 
[INFO] â”‚ â”œâ”€â”€ glob@7.0.6 
[INFO] â”‚ â”œâ”€â”€ grunt-known-options@1.1.0 
[INFO] â”‚ â”œâ”€â”¬ grunt-legacy-log@1.0.0 
[INFO] â”‚ â”‚ â”œâ”€â”¬ grunt-legacy-log-utils@1.0.0 
[INFO] â”‚ â”‚ â”‚ â”œâ”€â”¬ chalk@1.1.3 
[INFO] â”‚ â”‚ â”‚ â”‚ â”œâ”€â”€ ansi-styles@2.2.1 
[INFO] â”‚ â”‚ â”‚ â”‚ â””â”€â”€ supports-color@2.0.0 
[INFO] â”‚ â”‚ â”‚ â””â”€â”€ lodash@4.3.0 
[INFO] â”‚ â”‚ â”œâ”€â”€ hooker@0.2.3 
[INFO] â”‚ â”‚ â”œâ”€â”€ lodash@3.10.1 
[INFO] â”‚ â”‚ â””â”€â”€ underscore.string@3.2.3 
[INFO] â”‚ â”œâ”€â”¬ grunt-legacy-util@1.0.0 
[INFO] â”‚ â”‚ â”œâ”€â”€ async@1.5.2 
[INFO] â”‚ â”‚ â”œâ”€â”€ getobject@0.1.0 
[INFO] â”‚ â”‚ â”œâ”€â”€ lodash@4.3.0 
[INFO] â”‚ â”‚ â””â”€â”€ which@1.2.14 
[INFO] â”‚ â”œâ”€â”€ iconv-lite@0.4.19 
[INFO] â”‚ â”œâ”€â”¬ js-yaml@3.5.5 
[INFO] â”‚ â”‚ â””â”€â”€ esprima@2.7.3 
[INFO] â”‚ â”œâ”€â”¬ nopt@3.0.6 
[INFO] â”‚ â”‚ â””â”€â”€ abbrev@1.1.1 
[INFO] â”‚ â””â”€â”€ rimraf@2.2.8 
[INFO] â”œâ”€â”¬ grunt-cli@1.2.0 
[INFO] â”‚ â””â”€â”€ resolve@1.1.7 
[INFO] â”œâ”€â”¬ grunt-saucelabs@9.0.0 
[INFO] â”‚ â”œâ”€â”€ colors@1.1.2 
[INFO] â”‚ â”œâ”€â”€ lodash@4.13.1 
[INFO] â”‚ â”œâ”€â”€ q@1.4.1 
[INFO] â”‚ â”œâ”€â”¬ requestretry@1.9.1 
[INFO] â”‚ â”‚ â”œâ”€â”€ extend@3.0.1 
[INFO] â”‚ â”‚ â”œâ”€â”¬ fg-lodash@0.0.2 
[INFO] â”‚ â”‚ â”‚ â”œâ”€â”€ lodash@2.4.2 
[INFO] â”‚ â”‚ â”‚ â””â”€â”€ underscore.string@2.3.3 
[INFO] â”‚ â”‚ â””â”€â”€ when@3.7.8 
[INFO] â”‚ â”œâ”€â”¬ sauce-tunnel@2.5.0 
[INFO] â”‚ â”‚ â”œâ”€â”¬ chalk@1.1.3 
[INFO] â”‚ â”‚ â”‚ â”œâ”€â”€ ansi-styles@2.2.1 
[INFO] â”‚ â”‚ â”‚ â””â”€â”€ supports-color@2.0.0 
[INFO] â”‚ â”‚ â””â”€â”€ split@1.0.1 
[INFO] â”‚ â””â”€â”¬ saucelabs@1.2.0 
[INFO] â”‚   â””â”€â”¬ https-proxy-agent@1.0.0 
[INFO] â”‚     â””â”€â”¬ agent-base@2.1.1 
[INFO] â”‚       â””â”€â”€ semver@5.0.3 
[INFO] â”œâ”€â”¬ htmllint-cli@0.0.6 
[INFO] â”‚ â”œâ”€â”€ bluebird@3.5.0 
[INFO] â”‚ â”œâ”€â”¬ chalk@1.1.3 
[INFO] â”‚ â”‚ â”œâ”€â”€ ansi-styles@2.2.1 
[INFO] â”‚ â”‚ â”œâ”€â”¬ has-ansi@2.0.0 
[INFO] â”‚ â”‚ â”‚ â””â”€â”€ ansi-regex@2.1.1 
[INFO] â”‚ â”‚ â”œâ”€â”€ strip-ansi@3.0.1 
[INFO] â”‚ â”‚ â””â”€â”€ supports-color@2.0.0 
[INFO] â”‚ â”œâ”€â”¬ cjson@0.5.0 
[INFO] â”‚ â”‚ â””â”€â”¬ json-parse-helpfulerror@1.0.3 
[INFO] â”‚ â”‚   â””â”€â”€ jju@1.3.0 
[INFO] â”‚ â”œâ”€â”¬ htmllint@0.6.0 
[INFO] â”‚ â”‚ â”œâ”€â”€ bulk-require@1.0.1 
[INFO] â”‚ â”‚ â””â”€â”¬ htmlparser2@3.9.2 
[INFO] â”‚ â”‚   â”œâ”€â”€ domelementtype@1.3.0 
[INFO] â”‚ â”‚   â”œâ”€â”€ domhandler@2.4.1 
[INFO] â”‚ â”‚   â”œâ”€â”¬ domutils@1.6.2 
[INFO] â”‚ â”‚   â”‚ â””â”€â”¬ dom-serializer@0.1.0 
[INFO] â”‚ â”‚   â”‚   â””â”€â”€ domelementtype@1.1.3 
[INFO] â”‚ â”‚   â””â”€â”€ entities@1.1.1 
[INFO] â”‚ â”œâ”€â”¬ liftoff@2.3.0 
[INFO] â”‚ â”‚ â”œâ”€â”€ findup-sync@0.4.3 
[INFO] â”‚ â”‚ â”œâ”€â”¬ fined@1.1.0 
[INFO] â”‚ â”‚ â”‚ â”œâ”€â”¬ expand-tilde@2.0.2 
[INFO] â”‚ â”‚ â”‚ â”‚ â””â”€â”¬ homedir-polyfill@1.0.1 
[INFO] â”‚ â”‚ â”‚ â”‚   â””â”€â”€ parse-passwd@1.0.0 
[INFO] â”‚ â”‚ â”‚ â”œâ”€â”¬ is-plain-object@2.0.4 
[INFO] â”‚ â”‚ â”‚ â”‚ â””â”€â”€ isobject@3.0.1 
[INFO] â”‚ â”‚ â”‚ â”œâ”€â”¬ object.defaults@1.1.0 
[INFO] â”‚ â”‚ â”‚ â”‚ â”œâ”€â”€ array-each@1.0.1 
[INFO] â”‚ â”‚ â”‚ â”‚ â”œâ”€â”€ array-slice@1.0.0 
[INFO] â”‚ â”‚ â”‚ â”‚ â”œâ”€â”¬ for-own@1.0.0 
[INFO] â”‚ â”‚ â”‚ â”‚ â”‚ â””â”€â”€ for-in@1.0.2 
[INFO] â”‚ â”‚ â”‚ â”‚ â””â”€â”€ isobject@3.0.1 
[INFO] â”‚ â”‚ â”‚ â”œâ”€â”¬ object.pick@1.3.0 
[INFO] â”‚ â”‚ â”‚ â”‚ â””â”€â”€ isobject@3.0.1 
[INFO] â”‚ â”‚ â”‚ â””â”€â”¬ parse-filepath@1.0.1 
[INFO] â”‚ â”‚ â”‚   â”œâ”€â”¬ is-absolute@0.2.6 
[INFO] â”‚ â”‚ â”‚   â”‚ â””â”€â”¬ is-relative@0.2.1 
[INFO] â”‚ â”‚ â”‚   â”‚   â””â”€â”¬ is-unc-path@0.1.2 
[INFO] â”‚ â”‚ â”‚   â”‚     â””â”€â”€ unc-path-regex@0.1.2 
[INFO] â”‚ â”‚ â”‚   â”œâ”€â”€ map-cache@0.2.2 
[INFO] â”‚ â”‚ â”‚   â””â”€â”¬ path-root@0.1.1 
[INFO] â”‚ â”‚ â”‚     â””â”€â”€ path-root-regex@0.1.2 
[INFO] â”‚ â”‚ â”œâ”€â”€ flagged-respawn@0.3.2 
[INFO] â”‚ â”‚ â”œâ”€â”€ lodash.isplainobject@4.0.6 
[INFO] â”‚ â”‚ â”œâ”€â”€ lodash.isstring@4.0.1 
[INFO] â”‚ â”‚ â””â”€â”€ lodash.mapvalues@4.6.0 
[INFO] â”‚ â”œâ”€â”¬ promise@7.3.1 
[INFO] â”‚ â”‚ â””â”€â”€ asap@2.0.6 
[INFO] â”‚ â””â”€â”¬ yargs@6.6.0 
[INFO] â”‚   â”œâ”€â”€ camelcase@3.0.0 
[INFO] â”‚   â”œâ”€â”¬ cliui@3.2.0 
[INFO] â”‚   â”‚ â”œâ”€â”¬ string-width@1.0.2 
[INFO] â”‚   â”‚ â”‚ â””â”€â”€ is-fullwidth-code-point@1.0.0 
[INFO] â”‚   â”‚ â””â”€â”¬ wrap-ansi@2.1.0 
[INFO] â”‚   â”‚   â””â”€â”¬ string-width@1.0.2 
[INFO] â”‚   â”‚     â””â”€â”€ is-fullwidth-code-point@1.0.0 
[INFO] â”‚   â”œâ”€â”€ decamelize@1.2.0 
[INFO] â”‚   â”œâ”€â”€ get-caller-file@1.0.2 
[INFO] â”‚   â”œâ”€â”¬ os-locale@1.4.0 
[INFO] â”‚   â”‚ â””â”€â”¬ lcid@1.0.0 
[INFO] â”‚   â”‚   â””â”€â”€ invert-kv@1.0.0 
[INFO] â”‚   â”œâ”€â”¬ read-pkg-up@1.0.1 
[INFO] â”‚   â”‚ â”œâ”€â”¬ find-up@1.1.2 
[INFO] â”‚   â”‚ â”‚ â””â”€â”€ path-exists@2.1.0 
[INFO] â”‚   â”‚ â””â”€â”¬ read-pkg@1.1.0 
[INFO] â”‚   â”‚   â”œâ”€â”¬ load-json-file@1.1.0 
[INFO] â”‚   â”‚   â”‚ â””â”€â”¬ strip-bom@2.0.0 
[INFO] â”‚   â”‚   â”‚   â””â”€â”€ is-utf8@0.2.1 
[INFO] â”‚   â”‚   â””â”€â”€ path-type@1.1.0 
[INFO] â”‚   â”œâ”€â”€ require-directory@2.1.1 
[INFO] â”‚   â”œâ”€â”€ require-main-filename@1.0.1 
[INFO] â”‚   â”œâ”€â”€ set-blocking@2.0.0 
[INFO] â”‚   â”œâ”€â”¬ string-width@1.0.2 
[INFO] â”‚   â”‚ â”œâ”€â”€ code-point-at@1.1.0 
[INFO] â”‚   â”‚ â””â”€â”¬ is-fullwidth-code-point@1.0.0 
[INFO] â”‚   â”‚   â””â”€â”€ number-is-nan@1.0.1 
[INFO] â”‚   â”œâ”€â”€ which-module@1.0.0 
[INFO] â”‚   â”œâ”€â”€ y18n@3.2.1 
[INFO] â”‚   â””â”€â”¬ yargs-parser@4.2.1 
[INFO] â”‚     â””â”€â”€ camelcase@3.0.0 
[INFO] â”œâ”€â”€ UNMET PEER DEPENDENCY jquery@>=1.9.1
[INFO] â”œâ”€â”¬ node-sass@4.5.3 
[INFO] â”‚ â”œâ”€â”€ async-foreach@0.1.3 
[INFO] â”‚ â”œâ”€â”¬ chalk@1.1.3 
[INFO] â”‚ â”‚ â”œâ”€â”€ ansi-styles@2.2.1 
[INFO] â”‚ â”‚ â””â”€â”€ supports-color@2.0.0 
[INFO] â”‚ â”œâ”€â”€ cross-spawn@3.0.1 
[INFO] â”‚ â”œâ”€â”¬ gaze@1.1.2 
[INFO] â”‚ â”‚ â””â”€â”€ globule@1.2.0 
[INFO] â”‚ â”œâ”€â”€ get-stdin@4.0.1 
[INFO] â”‚ â”œâ”€â”€ in-publish@2.0.0 
[INFO] â”‚ â”œâ”€â”€ lodash.assign@4.2.0 
[INFO] â”‚ â”œâ”€â”€ lodash.clonedeep@4.5.0 
[INFO] â”‚ â”œâ”€â”€ lodash.mergewith@4.6.0 
[INFO] â”‚ â”œâ”€â”¬ meow@3.7.0 
[INFO] â”‚ â”‚ â”œâ”€â”¬ camelcase-keys@2.1.0 
[INFO] â”‚ â”‚ â”‚ â””â”€â”€ camelcase@2.1.1 
[INFO] â”‚ â”‚ â”œâ”€â”¬ loud-rejection@1.6.0 
[INFO] â”‚ â”‚ â”‚ â”œâ”€â”¬ currently-unhandled@0.4.1 
[INFO] â”‚ â”‚ â”‚ â”‚ â””â”€â”€ array-find-index@1.0.2 
[INFO] â”‚ â”‚ â”‚ â””â”€â”€ signal-exit@3.0.2 
[INFO] â”‚ â”‚ â”œâ”€â”€ map-obj@1.0.1 
[INFO] â”‚ â”‚ â”œâ”€â”€ minimist@1.2.0 
[INFO] â”‚ â”‚ â”œâ”€â”¬ normalize-package-data@2.4.0 
[INFO] â”‚ â”‚ â”‚ â”œâ”€â”€ hosted-git-info@2.5.0 
[INFO] â”‚ â”‚ â”‚ â”œâ”€â”¬ is-builtin-module@1.0.0 
[INFO] â”‚ â”‚ â”‚ â”‚ â””â”€â”€ builtin-modules@1.1.1 
[INFO] â”‚ â”‚ â”‚ â””â”€â”¬ validate-npm-package-license@3.0.1 
[INFO] â”‚ â”‚ â”‚   â”œâ”€â”¬ spdx-correct@1.0.2 
[INFO] â”‚ â”‚ â”‚   â”‚ â””â”€â”€ spdx-license-ids@1.2.2 
[INFO] â”‚ â”‚ â”‚   â””â”€â”€ spdx-expression-parse@1.0.4 
[INFO] â”‚ â”‚ â”œâ”€â”¬ redent@1.0.0 
[INFO] â”‚ â”‚ â”‚ â”œâ”€â”€ indent-string@2.1.0 
[INFO] â”‚ â”‚ â”‚ â””â”€â”€ strip-indent@1.0.1 
[INFO] â”‚ â”‚ â””â”€â”€ trim-newlines@1.0.0 
[INFO] â”‚ â”œâ”€â”€ nan@2.7.0 
[INFO] â”‚ â”œâ”€â”¬ node-gyp@3.6.2 
[INFO] â”‚ â”‚ â”œâ”€â”€ fstream@1.0.11 
[INFO] â”‚ â”‚ â”œâ”€â”€ osenv@0.1.4 
[INFO] â”‚ â”‚ â”œâ”€â”€ rimraf@2.6.2 
[INFO] â”‚ â”‚ â”œâ”€â”€ semver@5.3.0 
[INFO] â”‚ â”‚ â””â”€â”¬ tar@2.2.1 
[INFO] â”‚ â”‚   â””â”€â”€ block-stream@0.0.9 
[INFO] â”‚ â”œâ”€â”¬ npmlog@4.1.2 
[INFO] â”‚ â”‚ â”œâ”€â”¬ are-we-there-yet@1.1.4 
[INFO] â”‚ â”‚ â”‚ â””â”€â”€ delegates@1.0.0 
[INFO] â”‚ â”‚ â”œâ”€â”€ console-control-strings@1.1.0 
[INFO] â”‚ â”‚ â””â”€â”¬ gauge@2.7.4 
[INFO] â”‚ â”‚   â”œâ”€â”€ aproba@1.2.0 
[INFO] â”‚ â”‚   â”œâ”€â”€ has-unicode@2.0.1 
[INFO] â”‚ â”‚   â”œâ”€â”¬ string-width@1.0.2 
[INFO] â”‚ â”‚   â”‚ â””â”€â”€ is-fullwidth-code-point@1.0.0 
[INFO] â”‚ â”‚   â””â”€â”¬ wide-align@1.1.2 
[INFO] â”‚ â”‚     â””â”€â”¬ string-width@1.0.2 
[INFO] â”‚ â”‚       â””â”€â”€ is-fullwidth-code-point@1.0.0 
[INFO] â”‚ â”œâ”€â”¬ request@2.83.0 
[INFO] â”‚ â”‚ â”œâ”€â”€ aws-sign2@0.7.0 
[INFO] â”‚ â”‚ â”œâ”€â”€ aws4@1.6.0 
[INFO] â”‚ â”‚ â”œâ”€â”€ caseless@0.12.0 
[INFO] â”‚ â”‚ â”œâ”€â”¬ combined-stream@1.0.5 
[INFO] â”‚ â”‚ â”‚ â””â”€â”€ delayed-stream@1.0.0 
[INFO] â”‚ â”‚ â”œâ”€â”€ forever-agent@0.6.1 
[INFO] â”‚ â”‚ â”œâ”€â”¬ form-data@2.3.1 
[INFO] â”‚ â”‚ â”‚ â””â”€â”€ asynckit@0.4.0 
[INFO] â”‚ â”‚ â”œâ”€â”¬ har-validator@5.0.3 
[INFO] â”‚ â”‚ â”‚ â””â”€â”€ har-schema@2.0.0 
[INFO] â”‚ â”‚ â”œâ”€â”¬ hawk@6.0.2 
[INFO] â”‚ â”‚ â”‚ â”œâ”€â”€ boom@4.3.1 
[INFO] â”‚ â”‚ â”‚ â”œâ”€â”¬ cryptiles@3.1.2 
[INFO] â”‚ â”‚ â”‚ â”‚ â””â”€â”€ boom@5.2.0 
[INFO] â”‚ â”‚ â”‚ â”œâ”€â”€ hoek@4.2.0 
[INFO] â”‚ â”‚ â”‚ â””â”€â”€ sntp@2.0.2 
[INFO] â”‚ â”‚ â”œâ”€â”¬ http-signature@1.2.0 
[INFO] â”‚ â”‚ â”‚ â”œâ”€â”€ assert-plus@1.0.0 
[INFO] â”‚ â”‚ â”‚ â”œâ”€â”¬ jsprim@1.4.1 
[INFO] â”‚ â”‚ â”‚ â”‚ â”œâ”€â”€ extsprintf@1.3.0 
[INFO] â”‚ â”‚ â”‚ â”‚ â”œâ”€â”€ json-schema@0.2.3 
[INFO] â”‚ â”‚ â”‚ â”‚ â””â”€â”€ verror@1.10.0 
[INFO] â”‚ â”‚ â”‚ â””â”€â”¬ sshpk@1.13.1 
[INFO] â”‚ â”‚ â”‚   â”œâ”€â”€ asn1@0.2.3 
[INFO] â”‚ â”‚ â”‚   â”œâ”€â”€ bcrypt-pbkdf@1.0.1 
[INFO] â”‚ â”‚ â”‚   â”œâ”€â”€ dashdash@1.14.1 
[INFO] â”‚ â”‚ â”‚   â”œâ”€â”€ ecc-jsbn@0.1.1 
[INFO] â”‚ â”‚ â”‚   â”œâ”€â”€ getpass@0.1.7 
[INFO] â”‚ â”‚ â”‚   â”œâ”€â”€ jsbn@0.1.1 
[INFO] â”‚ â”‚ â”‚   â””â”€â”€ tweetnacl@0.14.5 
[INFO] â”‚ â”‚ â”œâ”€â”€ is-typedarray@1.0.0 
[INFO] â”‚ â”‚ â”œâ”€â”€ isstream@0.1.2 
[INFO] â”‚ â”‚ â”œâ”€â”€ json-stringify-safe@5.0.1 
[INFO] â”‚ â”‚ â”œâ”€â”¬ mime-types@2.1.17 
[INFO] â”‚ â”‚ â”‚ â””â”€â”€ mime-db@1.30.0 
[INFO] â”‚ â”‚ â”œâ”€â”€ oauth-sign@0.8.2 
[INFO] â”‚ â”‚ â”œâ”€â”€ performance-now@2.1.0 
[INFO] â”‚ â”‚ â”œâ”€â”€ qs@6.5.1 
[INFO] â”‚ â”‚ â”œâ”€â”€ safe-buffer@5.1.1 
[INFO] â”‚ â”‚ â”œâ”€â”€ stringstream@0.0.5 
[INFO] â”‚ â”‚ â”œâ”€â”¬ tough-cookie@2.3.3 
[INFO] â”‚ â”‚ â”‚ â””â”€â”€ punycode@1.4.1 
[INFO] â”‚ â”‚ â”œâ”€â”€ tunnel-agent@0.6.0 
[INFO] â”‚ â”‚ â””â”€â”€ uuid@3.1.0 
[INFO] â”‚ â”œâ”€â”¬ sass-graph@2.2.4 
[INFO] â”‚ â”‚ â”œâ”€â”¬ scss-tokenizer@0.2.3 
[INFO] â”‚ â”‚ â”‚ â”œâ”€â”€ js-base64@2.3.2 
[INFO] â”‚ â”‚ â”‚ â””â”€â”¬ source-map@0.4.4 
[INFO] â”‚ â”‚ â”‚   â””â”€â”€ amdefine@1.0.1 
[INFO] â”‚ â”‚ â””â”€â”¬ yargs@7.1.0 
[INFO] â”‚ â”‚   â”œâ”€â”€ camelcase@3.0.0 
[INFO] â”‚ â”‚   â”œâ”€â”¬ string-width@1.0.2 
[INFO] â”‚ â”‚   â”‚ â””â”€â”€ is-fullwidth-code-point@1.0.0 
[INFO] â”‚ â”‚   â””â”€â”€ yargs-parser@5.0.0 
[INFO] â”‚ â””â”€â”€ stdout-stream@1.4.0 
[INFO] â”œâ”€â”¬ nodemon@1.12.1 
[INFO] â”‚ â”œâ”€â”€ debug@2.6.9 
[INFO] â”‚ â”œâ”€â”€ es6-promise@3.3.1 
[INFO] â”‚ â”œâ”€â”€ ignore-by-default@1.0.1 
[INFO] â”‚ â”œâ”€â”¬ lodash.defaults@3.1.2 
[INFO] â”‚ â”‚ â”œâ”€â”¬ lodash.assign@3.2.0 
[INFO] â”‚ â”‚ â”‚ â”œâ”€â”¬ lodash._baseassign@3.2.0 
[INFO] â”‚ â”‚ â”‚ â”‚ â””â”€â”€ lodash._basecopy@3.0.1 
[INFO] â”‚ â”‚ â”‚ â”œâ”€â”¬ lodash._createassigner@3.1.1 
[INFO] â”‚ â”‚ â”‚ â”‚ â”œâ”€â”€ lodash._bindcallback@3.0.1 
[INFO] â”‚ â”‚ â”‚ â”‚ â””â”€â”€ lodash._isiterateecall@3.0.9 
[INFO] â”‚ â”‚ â”‚ â””â”€â”¬ lodash.keys@3.1.2 
[INFO] â”‚ â”‚ â”‚   â”œâ”€â”€ lodash._getnative@3.9.1 
[INFO] â”‚ â”‚ â”‚   â”œâ”€â”€ lodash.isarguments@3.1.0 
[INFO] â”‚ â”‚ â”‚   â””â”€â”€ lodash.isarray@3.0.4 
[INFO] â”‚ â”‚ â””â”€â”€ lodash.restparam@3.6.1 
[INFO] â”‚ â”œâ”€â”¬ ps-tree@1.1.0 
[INFO] â”‚ â”‚ â””â”€â”¬ event-stream@3.3.4 
[INFO] â”‚ â”‚   â”œâ”€â”€ duplexer@0.1.1 
[INFO] â”‚ â”‚   â”œâ”€â”€ from@0.1.7 
[INFO] â”‚ â”‚   â”œâ”€â”€ map-stream@0.1.0 
[INFO] â”‚ â”‚   â”œâ”€â”€ pause-stream@0.0.11 
[INFO] â”‚ â”‚   â”œâ”€â”€ split@0.3.3 
[INFO] â”‚ â”‚   â””â”€â”€ stream-combiner@0.0.4 
[INFO] â”‚ â”œâ”€â”¬ touch@3.1.0 
[INFO] â”‚ â”‚ â””â”€â”€ nopt@1.0.10 
[INFO] â”‚ â”œâ”€â”€ undefsafe@0.0.3 
[INFO] â”‚ â””â”€â”¬ update-notifier@2.2.0 
[INFO] â”‚   â”œâ”€â”¬ boxen@1.2.1 
[INFO] â”‚   â”‚ â”œâ”€â”€ ansi-align@2.0.0 
[INFO] â”‚   â”‚ â”œâ”€â”€ camelcase@4.1.0 
[INFO] â”‚   â”‚ â”œâ”€â”€ cli-boxes@1.0.0 
[INFO] â”‚   â”‚ â”œâ”€â”€ term-size@1.2.0 
[INFO] â”‚   â”‚ â””â”€â”¬ widest-line@1.0.0 
[INFO] â”‚   â”‚   â””â”€â”¬ string-width@1.0.2 
[INFO] â”‚   â”‚     â””â”€â”€ is-fullwidth-code-point@1.0.0 
[INFO] â”‚   â”œâ”€â”¬ chalk@1.1.3 
[INFO] â”‚   â”‚ â”œâ”€â”€ ansi-styles@2.2.1 
[INFO] â”‚   â”‚ â””â”€â”€ supports-color@2.0.0 
[INFO] â”‚   â”œâ”€â”¬ configstore@3.1.1 
[INFO] â”‚   â”‚ â”œâ”€â”¬ dot-prop@4.2.0 
[INFO] â”‚   â”‚ â”‚ â””â”€â”€ is-obj@1.0.1 
[INFO] â”‚   â”‚ â”œâ”€â”€ make-dir@1.0.0 
[INFO] â”‚   â”‚ â”œâ”€â”¬ unique-string@1.0.0 
[INFO] â”‚   â”‚ â”‚ â””â”€â”€ crypto-random-string@1.0.0 
[INFO] â”‚   â”‚ â””â”€â”€ write-file-atomic@2.3.0 
[INFO] â”‚   â”œâ”€â”€ import-lazy@2.1.0 
[INFO] â”‚   â”œâ”€â”€ is-npm@1.0.0 
[INFO] â”‚   â”œâ”€â”¬ latest-version@3.1.0 
[INFO] â”‚   â”‚ â””â”€â”¬ package-json@4.0.1 
[INFO] â”‚   â”‚   â”œâ”€â”¬ got@6.7.1 
[INFO] â”‚   â”‚   â”‚ â”œâ”€â”¬ create-error-class@3.0.2 
[INFO] â”‚   â”‚   â”‚ â”‚ â””â”€â”€ capture-stack-trace@1.0.0 
[INFO] â”‚   â”‚   â”‚ â”œâ”€â”€ duplexer3@0.1.4 
[INFO] â”‚   â”‚   â”‚ â”œâ”€â”€ is-redirect@1.0.0 
[INFO] â”‚   â”‚   â”‚ â”œâ”€â”€ is-retry-allowed@1.1.0 
[INFO] â”‚   â”‚   â”‚ â”œâ”€â”€ lowercase-keys@1.0.0 
[INFO] â”‚   â”‚   â”‚ â”œâ”€â”€ timed-out@4.0.1 
[INFO] â”‚   â”‚   â”‚ â”œâ”€â”€ unzip-response@2.0.1 
[INFO] â”‚   â”‚   â”‚ â””â”€â”¬ url-parse-lax@1.0.0 
[INFO] â”‚   â”‚   â”‚   â””â”€â”€ prepend-http@1.0.4 
[INFO] â”‚   â”‚   â”œâ”€â”¬ registry-auth-token@3.3.1 
[INFO] â”‚   â”‚   â”‚ â””â”€â”¬ rc@1.2.1 
[INFO] â”‚   â”‚   â”‚   â”œâ”€â”€ deep-extend@0.4.2 
[INFO] â”‚   â”‚   â”‚   â””â”€â”€ minimist@1.2.0 
[INFO] â”‚   â”‚   â””â”€â”€ registry-url@3.1.0 
[INFO] â”‚   â”œâ”€â”€ semver-diff@2.1.0 
[INFO] â”‚   â””â”€â”€ xdg-basedir@3.0.0 
[INFO] â”œâ”€â”¬ npm-run-all@4.1.1 
[INFO] â”‚ â”œâ”€â”¬ ansi-styles@3.2.0 
[INFO] â”‚ â”‚ â””â”€â”¬ color-convert@1.9.0 
[INFO] â”‚ â”‚   â””â”€â”€ color-name@1.1.3 
[INFO] â”‚ â”œâ”€â”¬ memory-streams@0.1.2 
[INFO] â”‚ â”‚ â””â”€â”¬ readable-stream@1.0.34 
[INFO] â”‚ â”‚   â”œâ”€â”€ isarray@0.0.1 
[INFO] â”‚ â”‚   â””â”€â”€ string_decoder@0.10.31 
[INFO] â”‚ â”œâ”€â”¬ read-pkg@2.0.0 
[INFO] â”‚ â”‚ â”œâ”€â”¬ load-json-file@2.0.0 
[INFO] â”‚ â”‚ â”‚ â”œâ”€â”¬ parse-json@2.2.0 
[INFO] â”‚ â”‚ â”‚ â”‚ â””â”€â”¬ error-ex@1.3.1 
[INFO] â”‚ â”‚ â”‚ â”‚   â””â”€â”€ is-arrayish@0.2.1 
[INFO] â”‚ â”‚ â”‚ â””â”€â”€ strip-bom@3.0.0 
[INFO] â”‚ â”‚ â””â”€â”€ path-type@2.0.0 
[INFO] â”‚ â”œâ”€â”¬ shell-quote@1.6.1 
[INFO] â”‚ â”‚ â”œâ”€â”€ array-filter@0.0.1 
[INFO] â”‚ â”‚ â”œâ”€â”€ array-map@0.0.0 
[INFO] â”‚ â”‚ â””â”€â”€ array-reduce@0.0.0 
[INFO] â”‚ â””â”€â”¬ string.prototype.padend@3.0.0 
[INFO] â”‚   â”œâ”€â”¬ define-properties@1.1.2 
[INFO] â”‚   â”‚ â”œâ”€â”€ foreach@2.0.5 
[INFO] â”‚   â”‚ â””â”€â”€ object-keys@1.0.11 
[INFO] â”‚   â”œâ”€â”¬ es-abstract@1.8.2 
[INFO] â”‚   â”‚ â”œâ”€â”¬ es-to-primitive@1.1.1 
[INFO] â”‚   â”‚ â”‚ â”œâ”€â”€ is-date-object@1.0.1 
[INFO] â”‚   â”‚ â”‚ â””â”€â”€ is-symbol@1.0.1 
[INFO] â”‚   â”‚ â”œâ”€â”€ has@1.0.1 
[INFO] â”‚   â”‚ â”œâ”€â”€ is-callable@1.1.3 
[INFO] â”‚   â”‚ â””â”€â”€ is-regex@1.0.4 
[INFO] â”‚   â””â”€â”€ function-bind@1.1.1 
[INFO] â”œâ”€â”¬ phantomjs-prebuilt@2.1.15 
[INFO] â”‚ â”œâ”€â”€ es6-promise@4.0.5 
[INFO] â”‚ â”œâ”€â”¬ extract-zip@1.6.5 
[INFO] â”‚ â”‚ â”œâ”€â”¬ debug@2.2.0 
[INFO] â”‚ â”‚ â”‚ â””â”€â”€ ms@0.7.1 
[INFO] â”‚ â”‚ â”œâ”€â”€ mkdirp@0.5.0 
[INFO] â”‚ â”‚ â””â”€â”¬ yauzl@2.4.1 
[INFO] â”‚ â”‚   â””â”€â”¬ fd-slicer@1.0.1 
[INFO] â”‚ â”‚     â””â”€â”€ pend@1.2.0 
[INFO] â”‚ â”œâ”€â”¬ fs-extra@1.0.0 
[INFO] â”‚ â”‚ â”œâ”€â”€ jsonfile@2.4.0 
[INFO] â”‚ â”‚ â””â”€â”€ klaw@1.3.1 
[INFO] â”‚ â”œâ”€â”¬ hasha@2.2.0 
[INFO] â”‚ â”‚ â”œâ”€â”€ is-stream@1.1.0 
[INFO] â”‚ â”‚ â””â”€â”¬ pinkie-promise@2.0.1 
[INFO] â”‚ â”‚   â””â”€â”€ pinkie@2.0.4 
[INFO] â”‚ â”œâ”€â”€ kew@0.7.0 
[INFO] â”‚ â”œâ”€â”€ progress@1.1.8 
[INFO] â”‚ â”œâ”€â”¬ request@2.81.0 
[INFO] â”‚ â”‚ â”œâ”€â”€ aws-sign2@0.6.0 
[INFO] â”‚ â”‚ â”œâ”€â”€ form-data@2.1.4 
[INFO] â”‚ â”‚ â”œâ”€â”¬ har-validator@4.2.1 
[INFO] â”‚ â”‚ â”‚ â”œâ”€â”€ ajv@4.11.8 
[INFO] â”‚ â”‚ â”‚ â””â”€â”€ har-schema@1.0.5 
[INFO] â”‚ â”‚ â”œâ”€â”¬ hawk@3.1.3 
[INFO] â”‚ â”‚ â”‚ â”œâ”€â”€ boom@2.10.1 
[INFO] â”‚ â”‚ â”‚ â”œâ”€â”€ cryptiles@2.0.5 
[INFO] â”‚ â”‚ â”‚ â”œâ”€â”€ hoek@2.16.3 
[INFO] â”‚ â”‚ â”‚ â””â”€â”€ sntp@1.0.9 
[INFO] â”‚ â”‚ â”œâ”€â”¬ http-signature@1.1.1 
[INFO] â”‚ â”‚ â”‚ â””â”€â”€ assert-plus@0.2.0 
[INFO] â”‚ â”‚ â”œâ”€â”€ performance-now@0.2.0 
[INFO] â”‚ â”‚ â””â”€â”€ qs@6.4.0 
[INFO] â”‚ â”œâ”€â”¬ request-progress@2.0.1 
[INFO] â”‚ â”‚ â””â”€â”€ throttleit@1.0.0 
[INFO] â”‚ â””â”€â”¬ which@1.2.14 
[INFO] â”‚   â””â”€â”€ isexe@2.0.0 
[INFO] â”œâ”€â”€ UNMET PEER DEPENDENCY popper.js@^1.11.0
[INFO] â”œâ”€â”¬ postcss-cli@4.1.1 
[INFO] â”‚ â”œâ”€â”€ dependency-graph@0.5.0 
[INFO] â”‚ â”œâ”€â”¬ fs-extra@4.0.2 
[INFO] â”‚ â”‚ â”œâ”€â”€ jsonfile@4.0.0 
[INFO] â”‚ â”‚ â””â”€â”€ universalify@0.1.1 
[INFO] â”‚ â”œâ”€â”€ get-stdin@5.0.1 
[INFO] â”‚ â”œâ”€â”¬ globby@6.1.0 
[INFO] â”‚ â”‚ â”œâ”€â”¬ array-union@1.0.2 
[INFO] â”‚ â”‚ â”‚ â””â”€â”€ array-uniq@1.0.3 
[INFO] â”‚ â”‚ â””â”€â”€ pify@2.3.0 
[INFO] â”‚ â”œâ”€â”¬ ora@1.3.0 
[INFO] â”‚ â”‚ â”œâ”€â”¬ chalk@1.1.3 
[INFO] â”‚ â”‚ â”‚ â”œâ”€â”€ ansi-styles@2.2.1 
[INFO] â”‚ â”‚ â”‚ â””â”€â”€ supports-color@2.0.0 
[INFO] â”‚ â”‚ â”œâ”€â”€ cli-spinners@1.0.1 
[INFO] â”‚ â”‚ â””â”€â”¬ log-symbols@1.0.2 
[INFO] â”‚ â”‚   â””â”€â”¬ chalk@1.1.3 
[INFO] â”‚ â”‚     â”œâ”€â”€ ansi-styles@2.2.1 
[INFO] â”‚ â”‚     â””â”€â”€ supports-color@2.0.0 
[INFO] â”‚ â”œâ”€â”¬ postcss-load-config@1.2.0 
[INFO] â”‚ â”‚ â”œâ”€â”¬ cosmiconfig@2.2.2 
[INFO] â”‚ â”‚ â”‚ â”œâ”€â”€ is-directory@0.3.1 
[INFO] â”‚ â”‚ â”‚ â”œâ”€â”€ minimist@1.2.0 
[INFO] â”‚ â”‚ â”‚ â””â”€â”€ require-from-string@1.2.1 
[INFO] â”‚ â”‚ â”œâ”€â”€ postcss-load-options@1.2.0 
[INFO] â”‚ â”‚ â””â”€â”€ postcss-load-plugins@2.3.0 
[INFO] â”‚ â”œâ”€â”¬ postcss-reporter@5.0.0 
[INFO] â”‚ â”‚ â””â”€â”€ log-symbols@2.1.0 
[INFO] â”‚ â”œâ”€â”€ pretty-hrtime@1.0.3 
[INFO] â”‚ â”œâ”€â”€ read-cache@1.0.0 
[INFO] â”‚ â””â”€â”¬ yargs@8.0.2 
[INFO] â”‚   â”œâ”€â”€ camelcase@4.1.0 
[INFO] â”‚   â”œâ”€â”¬ os-locale@2.1.0 
[INFO] â”‚   â”‚ â”œâ”€â”¬ execa@0.7.0 
[INFO] â”‚   â”‚ â”‚ â”œâ”€â”€ get-stream@3.0.0 
[INFO] â”‚   â”‚ â”‚ â”œâ”€â”¬ npm-run-path@2.0.2 
[INFO] â”‚   â”‚ â”‚ â”‚ â””â”€â”€ path-key@2.0.1 
[INFO] â”‚   â”‚ â”‚ â”œâ”€â”€ p-finally@1.0.0 
[INFO] â”‚   â”‚ â”‚ â””â”€â”€ strip-eof@1.0.0 
[INFO] â”‚   â”‚ â””â”€â”¬ mem@1.1.0 
[INFO] â”‚   â”‚   â””â”€â”€ mimic-fn@1.1.0 
[INFO] â”‚   â”œâ”€â”¬ read-pkg-up@2.0.0 
[INFO] â”‚   â”‚ â”œâ”€â”¬ find-up@2.1.0 
[INFO] â”‚   â”‚ â”‚ â””â”€â”¬ locate-path@2.0.0 
[INFO] â”‚   â”‚ â”‚   â”œâ”€â”¬ p-locate@2.0.0 
[INFO] â”‚   â”‚ â”‚   â”‚ â””â”€â”€ p-limit@1.1.0 
[INFO] â”‚   â”‚ â”‚   â””â”€â”€ path-exists@3.0.0 
[INFO] â”‚   â”‚ â””â”€â”¬ read-pkg@2.0.0 
[INFO] â”‚   â”‚   â”œâ”€â”¬ load-json-file@2.0.0 
[INFO] â”‚   â”‚   â”‚ â””â”€â”€ strip-bom@3.0.0 
[INFO] â”‚   â”‚   â””â”€â”€ path-type@2.0.0 
[INFO] â”‚   â”œâ”€â”€ which-module@2.0.0 
[INFO] â”‚   â””â”€â”€ yargs-parser@7.0.0 
[INFO] â”œâ”€â”¬ qunit-phantomjs-runner@2.3.0 
[INFO] â”‚ â””â”€â”€ qunit-reporter-junit@1.1.1 
[INFO] â”œâ”€â”¬ qunitjs@2.4.0 
[INFO] â”‚ â”œâ”€â”€ chokidar@1.6.1 
[INFO] â”‚ â”œâ”€â”¬ commander@2.9.0 
[INFO] â”‚ â”‚ â””â”€â”€ graceful-readlink@1.0.1 
[INFO] â”‚ â”œâ”€â”€ exists-stat@1.0.0 
[INFO] â”‚ â”œâ”€â”¬ findup-sync@0.4.3 
[INFO] â”‚ â”‚ â”œâ”€â”¬ detect-file@0.1.0 
[INFO] â”‚ â”‚ â”‚ â””â”€â”€ fs-exists-sync@0.1.0 
[INFO] â”‚ â”‚ â”œâ”€â”¬ micromatch@2.3.11 
[INFO] â”‚ â”‚ â”‚ â”œâ”€â”¬ arr-diff@2.0.0 
[INFO] â”‚ â”‚ â”‚ â”‚ â””â”€â”€ arr-flatten@1.1.0 
[INFO] â”‚ â”‚ â”‚ â”œâ”€â”€ array-unique@0.2.1 
[INFO] â”‚ â”‚ â”‚ â”œâ”€â”¬ braces@1.8.5 
[INFO] â”‚ â”‚ â”‚ â”‚ â”œâ”€â”¬ expand-range@1.8.2 
[INFO] â”‚ â”‚ â”‚ â”‚ â”‚ â””â”€â”¬ fill-range@2.2.3 
[INFO] â”‚ â”‚ â”‚ â”‚ â”‚   â”œâ”€â”€ is-number@2.1.0 
[INFO] â”‚ â”‚ â”‚ â”‚ â”‚   â”œâ”€â”€ isobject@2.1.0 
[INFO] â”‚ â”‚ â”‚ â”‚ â”‚   â”œâ”€â”¬ randomatic@1.1.7 
[INFO] â”‚ â”‚ â”‚ â”‚ â”‚   â”‚ â”œâ”€â”¬ is-number@3.0.0 
[INFO] â”‚ â”‚ â”‚ â”‚ â”‚   â”‚ â”‚ â””â”€â”€ kind-of@3.2.2 
[INFO] â”‚ â”‚ â”‚ â”‚ â”‚   â”‚ â””â”€â”€ kind-of@4.0.0 
[INFO] â”‚ â”‚ â”‚ â”‚ â”‚   â””â”€â”€ repeat-string@1.6.1 
[INFO] â”‚ â”‚ â”‚ â”‚ â”œâ”€â”€ preserve@0.2.0 
[INFO] â”‚ â”‚ â”‚ â”‚ â””â”€â”€ repeat-element@1.1.2 
[INFO] â”‚ â”‚ â”‚ â”œâ”€â”¬ expand-brackets@0.1.5 
[INFO] â”‚ â”‚ â”‚ â”‚ â””â”€â”€ is-posix-bracket@0.1.1 
[INFO] â”‚ â”‚ â”‚ â”œâ”€â”€ extglob@0.3.2 
[INFO] â”‚ â”‚ â”‚ â”œâ”€â”€ filename-regex@2.0.1 
[INFO] â”‚ â”‚ â”‚ â”œâ”€â”¬ kind-of@3.2.2 
[INFO] â”‚ â”‚ â”‚ â”‚ â””â”€â”€ is-buffer@1.1.5 
[INFO] â”‚ â”‚ â”‚ â”œâ”€â”¬ object.omit@2.0.1 
[INFO] â”‚ â”‚ â”‚ â”‚ â”œâ”€â”€ for-own@0.1.5 
[INFO] â”‚ â”‚ â”‚ â”‚ â””â”€â”€ is-extendable@0.1.1 
[INFO] â”‚ â”‚ â”‚ â”œâ”€â”¬ parse-glob@3.0.4 
[INFO] â”‚ â”‚ â”‚ â”‚ â”œâ”€â”€ glob-base@0.3.0 
[INFO] â”‚ â”‚ â”‚ â”‚ â””â”€â”€ is-dotfile@1.0.3 
[INFO] â”‚ â”‚ â”‚ â””â”€â”¬ regex-cache@0.4.4 
[INFO] â”‚ â”‚ â”‚   â””â”€â”¬ is-equal-shallow@0.1.3 
[INFO] â”‚ â”‚ â”‚     â””â”€â”€ is-primitive@2.0.0 
[INFO] â”‚ â”‚ â””â”€â”¬ resolve-dir@0.1.1 
[INFO] â”‚ â”‚   â”œâ”€â”€ expand-tilde@1.2.2 
[INFO] â”‚ â”‚   â””â”€â”¬ global-modules@0.2.3 
[INFO] â”‚ â”‚     â”œâ”€â”¬ global-prefix@0.1.5 
[INFO] â”‚ â”‚     â”‚ â””â”€â”€ ini@1.3.4 
[INFO] â”‚ â”‚     â””â”€â”€ is-windows@0.2.0 
[INFO] â”‚ â”œâ”€â”€ js-reporters@1.2.0 
[INFO] â”‚ â”œâ”€â”¬ resolve@1.3.2 
[INFO] â”‚ â”‚ â””â”€â”€ path-parse@1.0.5 
[INFO] â”‚ â””â”€â”¬ walk-sync@0.3.1 
[INFO] â”‚   â”œâ”€â”€ ensure-posix-path@1.0.2 
[INFO] â”‚   â””â”€â”€ matcher-collection@1.0.5 
[INFO] â”œâ”€â”¬ shelljs@0.7.8 
[INFO] â”‚ â”œâ”€â”€ interpret@1.0.4 
[INFO] â”‚ â””â”€â”€ rechoir@0.6.2 
[INFO] â”œâ”€â”¬ shx@0.2.2 
[INFO] â”‚ â”œâ”€â”€ es6-object-assign@1.1.0 
[INFO] â”‚ â””â”€â”€ minimist@1.2.0 
[INFO] â””â”€â”€ uglify-js@3.1.2 
[INFO] 
[INFO] 
[INFO] --- frontend-maven-plugin:1.4:npm (step #8: npm run css-compile) @ tobago-theme-scarborough ---
[INFO] Running 'npm run css-compile' in __CURRENT__/tobago-theme-scarborough/target/bootstrap
[INFO] 
[INFO] > bootstrap@4.0.0-beta css-compile __CURRENT__/tobago-theme-scarborough/target/bootstrap
[INFO] > node-sass --output-style expanded --source-map true --source-map-contents true --precision 6 scss/bootstrap.scss dist/css/bootstrap.css && node-sass --output-style expanded --source-map true --source-map-contents true --precision 6 scss/bootstrap-grid.scss dist/css/bootstrap-grid.css && node-sass --output-style expanded --source-map true --source-map-contents true --precision 6 scss/bootstrap-reboot.scss dist/css/bootstrap-reboot.css
[INFO] 
[ERROR] Rendering Complete, saving .css file...
[ERROR] Wrote Source Map to __CURRENT__/tobago-theme-scarborough/target/bootstrap/dist/css/bootstrap.css.map
[ERROR] Wrote CSS to __CURRENT__/tobago-theme-scarborough/target/bootstrap/dist/css/bootstrap.css
[ERROR] Rendering Complete, saving .css file...
[ERROR] Wrote Source Map to __CURRENT__/tobago-theme-scarborough/target/bootstrap/dist/css/bootstrap-grid.css.map
[ERROR] Wrote CSS to __CURRENT__/tobago-theme-scarborough/target/bootstrap/dist/css/bootstrap-grid.css
[ERROR] Rendering Complete, saving .css file...
[ERROR] Wrote CSS to __CURRENT__/tobago-theme-scarborough/target/bootstrap/dist/css/bootstrap-reboot.css
[ERROR] Wrote Source Map to __CURRENT__/tobago-theme-scarborough/target/bootstrap/dist/css/bootstrap-reboot.css.map
[INFO] 
[INFO] --- frontend-maven-plugin:1.4:npm (step #9: npm run css-prefix) @ tobago-theme-scarborough ---
[INFO] Running 'npm run css-prefix' in __CURRENT__/tobago-theme-scarborough/target/bootstrap
[INFO] 
[INFO] > bootstrap@4.0.0-beta css-prefix __CURRENT__/tobago-theme-scarborough/target/bootstrap
[INFO] > postcss --config build/postcss.config.js --replace dist/css/*.css
[INFO] 
[ERROR] âœ” Finished dist/css/bootstrap-reboot.min.css (1.26 s)
[ERROR] âœ” Finished dist/css/bootstrap-grid.css (1.26 s)
[ERROR] âœ” Finished dist/css/bootstrap-reboot.css (1.26 s)
[ERROR] âœ” Finished dist/css/bootstrap-grid.min.css (1.26 s)
[ERROR] âœ” Finished dist/css/bootstrap.css (1.26 s)
[ERROR] âœ” Finished dist/css/bootstrap.min.css (1.26 s)
[INFO] 
[INFO] --- frontend-maven-plugin:1.4:npm (step #10: npm run css-minify) @ tobago-theme-scarborough ---
[INFO] Running 'npm run css-minify' in __CURRENT__/tobago-theme-scarborough/target/bootstrap
[INFO] 
[INFO] > bootstrap@4.0.0-beta css-minify __CURRENT__/tobago-theme-scarborough/target/bootstrap
[INFO] > cleancss --level 1 --source-map --source-map-inline-sources --output dist/css/bootstrap.min.css dist/css/bootstrap.css && cleancss --level 1 --source-map --source-map-inline-sources --output dist/css/bootstrap-grid.min.css dist/css/bootstrap-grid.css && cleancss --level 1 --source-map --source-map-inline-sources --output dist/css/bootstrap-reboot.min.css dist/css/bootstrap-reboot.css
[INFO] 
[INFO] 
[INFO] --- frontend-maven-plugin:1.4:npm (step #11: npm run js) @ tobago-theme-scarborough ---
[INFO] Running 'npm run js' in __CURRENT__/tobago-theme-scarborough/target/bootstrap
[INFO] 
[INFO] > bootstrap@4.0.0-beta js __CURRENT__/tobago-theme-scarborough/target/bootstrap
[INFO] > npm-run-all js-lint js-compile js-minify
[INFO] 
[INFO] 
[INFO] > bootstrap@4.0.0-beta js-lint __CURRENT__/tobago-theme-scarborough/target/bootstrap
[INFO] > eslint js/ && eslint --config js/tests/.eslintrc.json --env node build/ Gruntfile.js
[INFO] 
[INFO] 
[INFO] > bootstrap@4.0.0-beta js-compile __CURRENT__/tobago-theme-scarborough/target/bootstrap
[INFO] > npm-run-all --parallel js-compile-*
[INFO] 
[INFO] 
[INFO] > bootstrap@4.0.0-beta js-compile-plugins __CURRENT__/tobago-theme-scarborough/target/bootstrap
[INFO] > babel js/src/ --out-dir js/dist/ --source-maps
[INFO] 
[INFO] 
[INFO] > bootstrap@4.0.0-beta js-compile-bundle __CURRENT__/tobago-theme-scarborough/target/bootstrap
[INFO] > shx cat js/src/util.js js/src/alert.js js/src/button.js js/src/carousel.js js/src/collapse.js js/src/dropdown.js js/src/modal.js js/src/scrollspy.js js/src/tab.js js/src/tooltip.js js/src/popover.js | shx sed "s/^(import|export).*//" | babel --filename js/src/bootstrap.js | node build/stamp.js > dist/js/bootstrap.js
[INFO] 
[INFO] js/src/alert.js -> js/dist/alert.js
[INFO] js/src/button.js -> js/dist/button.js
[INFO] js/src/carousel.js -> js/dist/carousel.js
[INFO] js/src/collapse.js -> js/dist/collapse.js
[INFO] js/src/dropdown.js -> js/dist/dropdown.js
[INFO] js/src/modal.js -> js/dist/modal.js
[INFO] js/src/popover.js -> js/dist/popover.js
[INFO] js/src/scrollspy.js -> js/dist/scrollspy.js
[INFO] js/src/tab.js -> js/dist/tab.js
[INFO] js/src/tooltip.js -> js/dist/tooltip.js
[INFO] js/src/util.js -> js/dist/util.js
[INFO] 
[INFO] > bootstrap@4.0.0-beta js-minify __CURRENT__/tobago-theme-scarborough/target/bootstrap
[INFO] > uglifyjs --config-file build/uglifyjs.config.json --output dist/js/bootstrap.min.js dist/js/bootstrap.js
[INFO] 
[INFO] 
[INFO] --- maven-resources-plugin:2.7:resources (default-resources) @ tobago-theme-scarborough ---
[INFO] Using 'UTF-8' encoding to copy filtered resources.
[INFO] Copying 1 resource
[INFO] Copying 6 resources
[INFO] Copying 3 resources
[INFO] 
[INFO] --- maven-resources-plugin:2.7:copy-resources (step #12: copy-bootstrap-dist) @ tobago-theme-scarborough ---
[INFO] Using 'UTF-8' encoding to copy filtered resources.
[INFO] Copying 6 resources
[INFO] 
[INFO] --- maven-compiler-plugin:3.6.2:compile (default-compile) @ tobago-theme-scarborough ---
[INFO] No sources to compile
[INFO] 
[INFO] --- maven-antrun-plugin:1.8:run (set-version) @ tobago-theme-scarborough ---
[INFO] Executing tasks

main:
[INFO] Executed tasks
[INFO] 
[INFO] --- maven-resources-plugin:2.7:testResources (default-testResources) @ tobago-theme-scarborough ---
[INFO] Using 'UTF-8' encoding to copy filtered resources.
[INFO] skip non existing resourceDirectory __CURRENT__/tobago-theme-scarborough/src/test/resources
[INFO] Copying 3 resources
[INFO] 
[INFO] --- maven-compiler-plugin:3.6.2:testCompile (default-testCompile) @ tobago-theme-scarborough ---
[INFO] No sources to compile
[INFO] 
[INFO] --- maven-surefire-plugin:2.19.1:test (default-test) @ tobago-theme-scarborough ---
[INFO] 
[INFO] --- maven-jar-plugin:3.0.2:jar (default-jar) @ tobago-theme-scarborough ---
[INFO] Building jar: __CURRENT__/tobago-theme-scarborough/target/tobago-theme-scarborough-4.0.0-SNAPSHOT.jar
[INFO] 
[INFO] --- maven-site-plugin:3.6:attach-descriptor (attach-descriptor) @ tobago-theme-scarborough ---
[INFO] Skipping because packaging 'jar' is not pom.
[INFO] 
[INFO] --- maven-install-plugin:2.5.2:install (default-install) @ tobago-theme-scarborough ---
[INFO] Installing __CURRENT__/tobago-theme-scarborough/target/tobago-theme-scarborough-4.0.0-SNAPSHOT.jar to __REPO__/org/apache/myfaces/tobago/tobago-theme-scarborough/4.0.0-SNAPSHOT/tobago-theme-scarborough-4.0.0-SNAPSHOT.jar
[INFO] Installing __CURRENT__/tobago-theme-scarborough/pom.xml to __REPO__/org/apache/myfaces/tobago/tobago-theme-scarborough/4.0.0-SNAPSHOT/tobago-theme-scarborough-4.0.0-SNAPSHOT.pom
[INFO] ------------------------------------------------------------------------
[INFO] BUILD SUCCESS
[INFO] ------------------------------------------------------------------------
[INFO] Total time: 02:42 min
[INFO] Finished at: 2017-09-28T11:16:11+02:00
[INFO] Final Memory: 31M/380M
[INFO] ------------------------------------------------------------------------
