Build date: 2017-04-05 14:54:57
[INFO] Scanning for projects...
[INFO]                                                                         
[INFO] ------------------------------------------------------------------------
[INFO] Building Tobago Theme Speyside 3.1.0-SNAPSHOT
[INFO] ------------------------------------------------------------------------
[INFO] 
[INFO] --- maven-enforcer-plugin:1.4.1:enforce (enforce) @ tobago-theme-speyside ---
[INFO] 
[INFO] --- maven-remote-resources-plugin:1.5:process (default) @ tobago-theme-speyside ---
[INFO] 
[INFO] --- maven-scm-plugin:1.9.5:checkout (step #1: checkout-bootstrap) @ tobago-theme-speyside ---
[INFO] Removing __CURRENT__/tobago-theme-speyside/target/checkout
[INFO] Executing: /bin/sh -c cd __CURRENT__/tobago-theme-speyside/target && git clone --branch v4.0.0-alpha.5 https://github.com/twbs/bootstrap __CURRENT__/tobago-theme-speyside/target/checkout
[INFO] Working directory: __CURRENT__/tobago-theme-speyside/target
[INFO] Executing: /bin/sh -c cd /var/folders/w0/pg4pxr7972l6bq85x08s5cl00000gn/T/ && git ls-remote https://github.com/twbs/bootstrap
[INFO] Working directory: /var/folders/w0/pg4pxr7972l6bq85x08s5cl00000gn/T
[INFO] Executing: /bin/sh -c cd __CURRENT__/tobago-theme-speyside/target/checkout && git pull https://github.com/twbs/bootstrap v4.0.0-alpha.5:v4.0.0-alpha.5
[INFO] Working directory: __CURRENT__/tobago-theme-speyside/target/checkout
[INFO] Executing: /bin/sh -c cd __CURRENT__/tobago-theme-speyside/target/checkout && git checkout v4.0.0-alpha.5
[INFO] Working directory: __CURRENT__/tobago-theme-speyside/target/checkout
[INFO] Executing: /bin/sh -c cd __CURRENT__/tobago-theme-speyside/target/checkout && git ls-files
[INFO] Working directory: __CURRENT__/tobago-theme-speyside/target/checkout
[INFO] 
[INFO] --- maven-resources-plugin:2.7:copy-resources (step #2: copy-bootstrap) @ tobago-theme-speyside ---
[INFO] Using 'UTF-8' encoding to copy filtered resources.
[INFO] Copying 418 resources
[INFO] 
[INFO] --- maven-resources-plugin:2.7:copy-resources (step #3: copy-custom) @ tobago-theme-speyside ---
[INFO] Using 'UTF-8' encoding to copy filtered resources.
[INFO] Copying 2 resources
[INFO] 
[INFO] --- maven-patch-plugin:1.2:apply (step #4: append-tobago-theme-to-bootstrap) @ tobago-theme-speyside ---
[INFO] Applying patch: append-tobago-theme-to-bootstrap.patch
[INFO] 
[INFO] --- maven-dependency-plugin:3.0.0:unpack (step #5: unpack-custom) @ tobago-theme-speyside ---
[INFO] Configured Artifact: org.apache.myfaces.tobago:tobago-core:3.1.0-SNAPSHOT:jar
[INFO] Unpacking __REPO__/org/apache/myfaces/tobago/tobago-core/3.1.0-SNAPSHOT/tobago-core-3.1.0-SNAPSHOT.jar to __CURRENT__/tobago-theme-speyside/target/bootstrap with includes "**/*.scss" and excludes ""
[INFO] 
[INFO] --- frontend-maven-plugin:1.0:install-node-and-npm (step #6: install node and npm) @ tobago-theme-speyside ---
[INFO] Installing node version v6.5.0
[INFO] Unpacking __REPO__/com/github/eirslett/node/6.5.0/node-6.5.0-darwin-x64.tar.gz into __CURRENT__/tobago-theme-speyside/target/frontend/node/tmp
[INFO] Copying node binary from __CURRENT__/tobago-theme-speyside/target/frontend/node/tmp/node-v6.5.0-darwin-x64/bin/node to __CURRENT__/tobago-theme-speyside/target/frontend/node/node
[INFO] Installed node locally.
[INFO] Installing npm version 3.10.8
[INFO] Unpacking __REPO__/com/github/eirslett/npm/3.10.8/npm-3.10.8.tar.gz into __CURRENT__/tobago-theme-speyside/target/frontend/node/node_modules
[INFO] Installed npm locally.
[INFO] 
[INFO] --- frontend-maven-plugin:1.0:npm (step #7: npm install grunt-cli) @ tobago-theme-speyside ---
[INFO] Running 'npm install grunt-cli' in __CURRENT__/tobago-theme-speyside/target/bootstrap
[INFO] bootstrap@4.0.0-alpha.5 __CURRENT__/tobago-theme-speyside/target/bootstrap
[INFO] └─┬ grunt-cli@1.2.0 
[INFO]   ├─┬ findup-sync@0.3.0 
[INFO]   │ └─┬ glob@5.0.15 
[INFO]   │   ├─┬ inflight@1.0.6 
[INFO]   │   │ └── wrappy@1.0.2 
[INFO]   │   ├── inherits@2.0.3 
[INFO]   │   ├─┬ minimatch@3.0.3 
[INFO]   │   │ └─┬ brace-expansion@1.1.6 
[INFO]   │   │   ├── balanced-match@0.4.2 
[INFO]   │   │   └── concat-map@0.0.1 
[INFO]   │   ├── once@1.4.0 
[INFO]   │   └── path-is-absolute@1.0.1 
[INFO]   ├── grunt-known-options@1.1.0 
[INFO]   ├─┬ nopt@3.0.6 
[INFO]   │ └── abbrev@1.1.0 
[INFO]   └── resolve@1.1.7 
[INFO] 
[INFO] 
[INFO] --- frontend-maven-plugin:1.0:npm (step #8: npm install) @ tobago-theme-speyside ---
[INFO] Running 'npm install' in __CURRENT__/tobago-theme-speyside/target/bootstrap
[WARNING] npm WARN deprecated minimatch@2.0.10: Please update to minimatch 3.0.2 or higher to avoid a RegExp DoS issue
[WARNING] npm WARN deprecated minimatch@0.3.0: Please update to minimatch 3.0.2 or higher to avoid a RegExp DoS issue
[WARNING] npm WARN prefer global coffee-script@1.10.0 should be installed with -g
[WARNING] npm WARN prefer global jshint@2.8.0 should be installed with -g
[WARNING] npm WARN prefer global jsonlint@1.6.2 should be installed with -g
[WARNING] npm WARN prefer global node-gyp@3.6.0 should be installed with -g
[INFO] 
[INFO] > fsevents@1.1.1 install __CURRENT__/tobago-theme-speyside/target/bootstrap/node_modules/fsevents
[INFO] > node install
[INFO] 
[INFO] [fsevents] Success: "__CURRENT__/tobago-theme-speyside/target/bootstrap/node_modules/fsevents/lib/binding/Release/node-v48-darwin-x64/fse.node" already installed
[INFO] Pass --update-binary to reinstall or --build-from-source to recompile
[INFO] 
[INFO] > iltorb@1.0.13 install __CURRENT__/tobago-theme-speyside/target/bootstrap/node_modules/iltorb
[INFO] > node-gyp rebuild
[INFO] 
[INFO]   CC(target) Release/obj.target/decode/brotli/common/dictionary.o
[INFO]   CC(target) Release/obj.target/decode/brotli/dec/bit_reader.o
[INFO]   CC(target) Release/obj.target/decode/brotli/dec/decode.o
[INFO]   CC(target) Release/obj.target/decode/brotli/dec/huffman.o
[INFO]   CC(target) Release/obj.target/decode/brotli/dec/state.o
[INFO]   CXX(target) Release/obj.target/decode/src/common/allocator.o
[INFO]   CXX(target) Release/obj.target/decode/src/common/stream_coder.o
[INFO]   CXX(target) Release/obj.target/decode/src/dec/decode_index.o
[INFO]   CXX(target) Release/obj.target/decode/src/dec/stream_decode.o
[INFO]   CXX(target) Release/obj.target/decode/src/dec/stream_decode_worker.o
[INFO]   SOLINK_MODULE(target) Release/decode.node
[ERROR] clang: warning: libstdc++ is deprecated; move to libc++ with a minimum deployment target of OS X 10.9 [-Wdeprecated]
[INFO]   CC(target) Release/obj.target/encode/brotli/common/dictionary.o
[INFO]   CC(target) Release/obj.target/encode/brotli/enc/backward_references.o
[INFO]   CC(target) Release/obj.target/encode/brotli/enc/bit_cost.o
[INFO]   CC(target) Release/obj.target/encode/brotli/enc/block_splitter.o
[INFO]   CC(target) Release/obj.target/encode/brotli/enc/brotli_bit_stream.o
[INFO]   CC(target) Release/obj.target/encode/brotli/enc/cluster.o
[INFO]   CC(target) Release/obj.target/encode/brotli/enc/compress_fragment.o
[INFO]   CC(target) Release/obj.target/encode/brotli/enc/compress_fragment_two_pass.o
[INFO]   CC(target) Release/obj.target/encode/brotli/enc/encode.o
[INFO]   CC(target) Release/obj.target/encode/brotli/enc/entropy_encode.o
[INFO]   CC(target) Release/obj.target/encode/brotli/enc/histogram.o
[INFO]   CC(target) Release/obj.target/encode/brotli/enc/literal_cost.o
[INFO]   CC(target) Release/obj.target/encode/brotli/enc/memory.o
[INFO]   CC(target) Release/obj.target/encode/brotli/enc/metablock.o
[INFO]   CC(target) Release/obj.target/encode/brotli/enc/static_dict.o
[INFO]   CC(target) Release/obj.target/encode/brotli/enc/utf8_util.o
[INFO]   CXX(target) Release/obj.target/encode/src/common/allocator.o
[INFO]   CXX(target) Release/obj.target/encode/src/common/stream_coder.o
[INFO]   CXX(target) Release/obj.target/encode/src/enc/encode_index.o
[INFO]   CXX(target) Release/obj.target/encode/src/enc/stream_encode.o
[INFO]   CXX(target) Release/obj.target/encode/src/enc/stream_encode_worker.o
[INFO]   SOLINK_MODULE(target) Release/encode.node
[ERROR] clang: warning: libstdc++ is deprecated; move to libc++ with a minimum deployment target of OS X 10.9 [-Wdeprecated]
[INFO] 
[INFO] > node-sass@3.13.1 install __CURRENT__/tobago-theme-speyside/target/bootstrap/node_modules/node-sass
[INFO] > node scripts/install.js
[INFO] 
[INFO] Cached binary found at __HOME__/.npm/node-sass/3.13.1/darwin-x64-48_binding.node
[INFO] 
[INFO] > phantomjs-prebuilt@2.1.14 install __CURRENT__/tobago-theme-speyside/target/bootstrap/node_modules/phantomjs-prebuilt
[INFO] > node install.js
[INFO] 
[INFO] PhantomJS not found on PATH
[INFO] Download already available at /var/folders/w0/pg4pxr7972l6bq85x08s5cl00000gn/T/phantomjs/phantomjs-2.1.1-macosx.zip
[INFO] Verified checksum of previously downloaded file
[INFO] Extracting zip contents
[INFO] Removing __CURRENT__/tobago-theme-speyside/target/bootstrap/node_modules/phantomjs-prebuilt/lib/phantom
[INFO] Copying extracted folder /var/folders/w0/pg4pxr7972l6bq85x08s5cl00000gn/T/phantomjs/phantomjs-2.1.1-macosx.zip-extract-1491397007437/phantomjs-2.1.1-macosx -> __CURRENT__/tobago-theme-speyside/target/bootstrap/node_modules/phantomjs-prebuilt/lib/phantom
[INFO] Writing location.js file
[INFO] Done. Phantomjs binary available at __CURRENT__/tobago-theme-speyside/target/bootstrap/node_modules/phantomjs-prebuilt/lib/phantom/bin/phantomjs
[INFO] 
[INFO] > node-sass@3.13.1 postinstall __CURRENT__/tobago-theme-speyside/target/bootstrap/node_modules/node-sass
[INFO] > node scripts/build.js
[INFO] 
[INFO] Binary found at __CURRENT__/tobago-theme-speyside/target/bootstrap/node_modules/node-sass/vendor/darwin-x64-48/binding.node
[INFO] Testing binary
[INFO] Binary is fine
[INFO] bootstrap@4.0.0-alpha.5 __CURRENT__/tobago-theme-speyside/target/bootstrap
[INFO] ├─┬ autoprefixer@6.7.7 
[INFO] │ ├─┬ browserslist@1.7.7 
[INFO] │ │ └── electron-to-chromium@1.3.2 
[INFO] │ ├── caniuse-db@1.0.30000649 
[INFO] │ ├── normalize-range@0.1.2 
[INFO] │ ├── num2fraction@1.2.2 
[INFO] │ ├─┬ postcss@5.2.16 
[INFO] │ │ ├── js-base64@2.1.9 
[INFO] │ │ └─┬ supports-color@3.2.3 
[INFO] │ │   └── has-flag@1.0.0 
[INFO] │ └── postcss-value-parser@3.3.0 
[INFO] ├─┬ babel-eslint@7.2.1 
[INFO] │ ├─┬ babel-code-frame@6.22.0 
[INFO] │ │ └── js-tokens@3.0.1 
[INFO] │ ├─┬ babel-traverse@6.23.1 
[INFO] │ │ ├── babel-messages@6.23.0 
[INFO] │ │ ├─┬ babel-runtime@6.23.0 
[INFO] │ │ │ ├── core-js@2.4.1 
[INFO] │ │ │ └── regenerator-runtime@0.10.3 
[INFO] │ │ └─┬ invariant@2.2.2 
[INFO] │ │   └── loose-envify@1.3.1 
[INFO] │ ├─┬ babel-types@6.23.0 
[INFO] │ │ └── to-fast-properties@1.0.2 
[INFO] │ └── babylon@6.16.1 
[INFO] ├── babel-plugin-transform-es2015-modules-strip@0.1.1 
[INFO] ├─┬ babel-preset-es2015@6.24.0 
[INFO] │ ├── babel-plugin-check-es2015-constants@6.22.0 
[INFO] │ ├── babel-plugin-transform-es2015-arrow-functions@6.22.0 
[INFO] │ ├── babel-plugin-transform-es2015-block-scoped-functions@6.22.0 
[INFO] │ ├─┬ babel-plugin-transform-es2015-block-scoping@6.23.0 
[INFO] │ │ └── babel-template@6.23.0 
[INFO] │ ├─┬ babel-plugin-transform-es2015-classes@6.23.0 
[INFO] │ │ ├── babel-helper-define-map@6.23.0 
[INFO] │ │ ├── babel-helper-function-name@6.23.0 
[INFO] │ │ ├── babel-helper-optimise-call-expression@6.23.0 
[INFO] │ │ └── babel-helper-replace-supers@6.23.0 
[INFO] │ ├── babel-plugin-transform-es2015-computed-properties@6.22.0 
[INFO] │ ├── babel-plugin-transform-es2015-destructuring@6.23.0 
[INFO] │ ├── babel-plugin-transform-es2015-duplicate-keys@6.22.0 
[INFO] │ ├── babel-plugin-transform-es2015-for-of@6.23.0 
[INFO] │ ├── babel-plugin-transform-es2015-function-name@6.22.0 
[INFO] │ ├── babel-plugin-transform-es2015-literals@6.22.0 
[INFO] │ ├── babel-plugin-transform-es2015-modules-amd@6.24.0 
[INFO] │ ├─┬ babel-plugin-transform-es2015-modules-commonjs@6.24.0 
[INFO] │ │ └── babel-plugin-transform-strict-mode@6.22.0 
[INFO] │ ├─┬ babel-plugin-transform-es2015-modules-systemjs@6.23.0 
[INFO] │ │ └── babel-helper-hoist-variables@6.22.0 
[INFO] │ ├── babel-plugin-transform-es2015-modules-umd@6.24.0 
[INFO] │ ├── babel-plugin-transform-es2015-object-super@6.22.0 
[INFO] │ ├─┬ babel-plugin-transform-es2015-parameters@6.23.0 
[INFO] │ │ ├── babel-helper-call-delegate@6.22.0 
[INFO] │ │ └── babel-helper-get-function-arity@6.22.0 
[INFO] │ ├── babel-plugin-transform-es2015-shorthand-properties@6.22.0 
[INFO] │ ├── babel-plugin-transform-es2015-spread@6.22.0 
[INFO] │ ├─┬ babel-plugin-transform-es2015-sticky-regex@6.22.0 
[INFO] │ │ └── babel-helper-regex@6.22.0 
[INFO] │ ├── babel-plugin-transform-es2015-template-literals@6.22.0 
[INFO] │ ├── babel-plugin-transform-es2015-typeof-symbol@6.23.0 
[INFO] │ ├─┬ babel-plugin-transform-es2015-unicode-regex@6.22.0 
[INFO] │ │ └─┬ regexpu-core@2.0.0 
[INFO] │ │   ├── regenerate@1.3.2 
[INFO] │ │   ├── regjsgen@0.2.0 
[INFO] │ │   └─┬ regjsparser@0.1.5 
[INFO] │ │     └── jsesc@0.5.0 
[INFO] │ └─┬ babel-plugin-transform-regenerator@6.22.0 
[INFO] │   └── regenerator-transform@0.9.8 
[INFO] ├─┬ eslint@3.19.0 
[INFO] │ ├─┬ chalk@1.1.3 
[INFO] │ │ ├── ansi-styles@2.2.1 
[INFO] │ │ ├── escape-string-regexp@1.0.5 
[INFO] │ │ ├── has-ansi@2.0.0 
[INFO] │ │ ├── strip-ansi@3.0.1 
[INFO] │ │ └── supports-color@2.0.0 
[INFO] │ ├─┬ concat-stream@1.6.0 
[INFO] │ │ ├─┬ readable-stream@2.2.6 
[INFO] │ │ │ ├── buffer-shims@1.0.0 
[INFO] │ │ │ ├── core-util-is@1.0.2 
[INFO] │ │ │ ├── process-nextick-args@1.0.7 
[INFO] │ │ │ ├── string_decoder@0.10.31 
[INFO] │ │ │ └── util-deprecate@1.0.2 
[INFO] │ │ └── typedarray@0.0.6 
[INFO] │ ├─┬ debug@2.6.3 
[INFO] │ │ └── ms@0.7.2 
[INFO] │ ├─┬ doctrine@2.0.0 
[INFO] │ │ └── isarray@1.0.0 
[INFO] │ ├─┬ escope@3.6.0 
[INFO] │ │ ├─┬ es6-map@0.1.5 
[INFO] │ │ │ ├── d@1.0.0 
[INFO] │ │ │ ├── es5-ext@0.10.15 
[INFO] │ │ │ ├── es6-iterator@2.0.1 
[INFO] │ │ │ ├── es6-set@0.1.5 
[INFO] │ │ │ ├── es6-symbol@3.1.1 
[INFO] │ │ │ └── event-emitter@0.3.5 
[INFO] │ │ ├── es6-weak-map@2.0.2 
[INFO] │ │ └─┬ esrecurse@4.1.0 
[INFO] │ │   └── estraverse@4.1.1 
[INFO] │ ├─┬ espree@3.4.1 
[INFO] │ │ ├── acorn@5.0.3 
[INFO] │ │ └─┬ acorn-jsx@3.0.1 
[INFO] │ │   └── acorn@3.3.0 
[INFO] │ ├── esquery@1.0.0 
[INFO] │ ├── estraverse@4.2.0 
[INFO] │ ├── esutils@2.0.2 
[INFO] │ ├─┬ file-entry-cache@2.0.0 
[INFO] │ │ └─┬ flat-cache@1.2.2 
[INFO] │ │   ├── circular-json@0.3.1 
[INFO] │ │   ├─┬ del@2.2.2 
[INFO] │ │   │ ├─┬ globby@5.0.0 
[INFO] │ │   │ │ └── glob@7.1.1 
[INFO] │ │   │ ├── is-path-cwd@1.0.0 
[INFO] │ │   │ └─┬ is-path-in-cwd@1.0.0 
[INFO] │ │   │   └── is-path-inside@1.0.0 
[INFO] │ │   ├── graceful-fs@4.1.11 
[INFO] │ │   └── write@0.2.1 
[INFO] │ ├─┬ glob@7.1.1 
[INFO] │ │ └── fs.realpath@1.0.0 
[INFO] │ ├── globals@9.17.0 
[INFO] │ ├── ignore@3.2.6 
[INFO] │ ├── imurmurhash@0.1.4 
[INFO] │ ├─┬ inquirer@0.12.0 
[INFO] │ │ ├── ansi-escapes@1.4.0 
[INFO] │ │ ├── ansi-regex@2.1.1 
[INFO] │ │ ├─┬ cli-cursor@1.0.2 
[INFO] │ │ │ └─┬ restore-cursor@1.0.1 
[INFO] │ │ │   └── exit-hook@1.1.1 
[INFO] │ │ ├── cli-width@2.1.0 
[INFO] │ │ ├─┬ readline2@1.0.1 
[INFO] │ │ │ ├── code-point-at@1.1.0 
[INFO] │ │ │ ├── is-fullwidth-code-point@1.0.0 
[INFO] │ │ │ └── mute-stream@0.0.5 
[INFO] │ │ ├── run-async@0.1.0 
[INFO] │ │ ├── rx-lite@3.1.2 
[INFO] │ │ ├── string-width@1.0.2 
[INFO] │ │ └── through@2.3.8 
[INFO] │ ├─┬ is-my-json-valid@2.16.0 
[INFO] │ │ ├── generate-function@2.0.0 
[INFO] │ │ ├─┬ generate-object-property@1.2.0 
[INFO] │ │ │ └── is-property@1.0.2 
[INFO] │ │ ├── jsonpointer@4.0.1 
[INFO] │ │ └── xtend@4.0.1 
[INFO] │ ├─┬ is-resolvable@1.0.0 
[INFO] │ │ └── tryit@1.0.3 
[INFO] │ ├─┬ js-yaml@3.8.3 
[INFO] │ │ ├─┬ argparse@1.0.9 
[INFO] │ │ │ └── sprintf-js@1.0.3 
[INFO] │ │ └── esprima@3.1.3 
[INFO] │ ├─┬ json-stable-stringify@1.0.1 
[INFO] │ │ └── jsonify@0.0.0 
[INFO] │ ├─┬ levn@0.3.0 
[INFO] │ │ ├── prelude-ls@1.1.2 
[INFO] │ │ └── type-check@0.3.2 
[INFO] │ ├── lodash@4.17.4 
[INFO] │ ├─┬ mkdirp@0.5.1 
[INFO] │ │ └── minimist@0.0.8 
[INFO] │ ├── natural-compare@1.4.0 
[INFO] │ ├─┬ optionator@0.8.2 
[INFO] │ │ ├── deep-is@0.1.3 
[INFO] │ │ ├── fast-levenshtein@2.0.6 
[INFO] │ │ └── wordwrap@1.0.0 
[INFO] │ ├── path-is-inside@1.0.2 
[INFO] │ ├── pluralize@1.2.1 
[INFO] │ ├── progress@1.1.8 
[INFO] │ ├─┬ require-uncached@1.0.3 
[INFO] │ │ ├─┬ caller-path@0.1.0 
[INFO] │ │ │ └── callsites@0.2.0 
[INFO] │ │ └── resolve-from@1.0.1 
[INFO] │ ├── strip-bom@3.0.0 
[INFO] │ ├── strip-json-comments@2.0.1 
[INFO] │ ├─┬ table@3.8.3 
[INFO] │ │ ├─┬ ajv@4.11.5 
[INFO] │ │ │ └── co@4.6.0 
[INFO] │ │ ├── ajv-keywords@1.5.1 
[INFO] │ │ ├── slice-ansi@0.0.4 
[INFO] │ │ └─┬ string-width@2.0.0 
[INFO] │ │   └── is-fullwidth-code-point@2.0.0 
[INFO] │ ├── text-table@0.2.0 
[INFO] │ └─┬ user-home@2.0.0 
[INFO] │   └── os-homedir@1.0.2 
[INFO] ├─┬ grunt@1.0.1 
[INFO] │ ├── coffee-script@1.10.0 
[INFO] │ ├─┬ dateformat@1.0.12 
[INFO] │ │ ├── get-stdin@4.0.1 
[INFO] │ │ └─┬ meow@3.7.0 
[INFO] │ │   ├─┬ camelcase-keys@2.1.0 
[INFO] │ │   │ └── camelcase@2.1.1 
[INFO] │ │   ├─┬ loud-rejection@1.6.0 
[INFO] │ │   │ ├─┬ currently-unhandled@0.4.1 
[INFO] │ │   │ │ └── array-find-index@1.0.2 
[INFO] │ │   │ └── signal-exit@3.0.2 
[INFO] │ │   ├── map-obj@1.0.1 
[INFO] │ │   ├── minimist@1.2.0 
[INFO] │ │   ├─┬ normalize-package-data@2.3.6 
[INFO] │ │   │ ├── hosted-git-info@2.4.1 
[INFO] │ │   │ ├─┬ is-builtin-module@1.0.0 
[INFO] │ │   │ │ └── builtin-modules@1.1.1 
[INFO] │ │   │ └─┬ validate-npm-package-license@3.0.1 
[INFO] │ │   │   ├─┬ spdx-correct@1.0.2 
[INFO] │ │   │   │ └── spdx-license-ids@1.2.2 
[INFO] │ │   │   └── spdx-expression-parse@1.0.4 
[INFO] │ │   ├─┬ redent@1.0.0 
[INFO] │ │   │ ├── indent-string@2.1.0 
[INFO] │ │   │ └── strip-indent@1.0.1 
[INFO] │ │   └── trim-newlines@1.0.0 
[INFO] │ ├── eventemitter2@0.4.14 
[INFO] │ ├── exit@0.1.2 
[INFO] │ ├── glob@7.0.6 
[INFO] │ ├─┬ grunt-legacy-log@1.0.0 
[INFO] │ │ ├─┬ grunt-legacy-log-utils@1.0.0 
[INFO] │ │ │ └── lodash@4.3.0 
[INFO] │ │ ├── lodash@3.10.1 
[INFO] │ │ └── underscore.string@3.2.3 
[INFO] │ ├─┬ grunt-legacy-util@1.0.0 
[INFO] │ │ ├── getobject@0.1.0 
[INFO] │ │ └── lodash@4.3.0 
[INFO] │ ├── iconv-lite@0.4.15 
[INFO] │ ├─┬ js-yaml@3.5.5 
[INFO] │ │ └── esprima@2.7.3 
[INFO] │ └── rimraf@2.2.8 
[INFO] ├─┬ grunt-babel@6.0.0 
[INFO] │ └─┬ babel-core@6.24.0 
[INFO] │   ├─┬ babel-generator@6.24.0 
[INFO] │   │ ├─┬ detect-indent@4.0.0 
[INFO] │   │ │ └── repeating@2.0.1 
[INFO] │   │ ├── jsesc@1.3.0 
[INFO] │   │ └── trim-right@1.0.1 
[INFO] │   ├── babel-helpers@6.23.0 
[INFO] │   ├─┬ babel-register@6.24.0 
[INFO] │   │ └── home-or-tmp@2.0.0 
[INFO] │   ├── convert-source-map@1.5.0 
[INFO] │   ├── json5@0.5.1 
[INFO] │   ├── private@0.1.7 
[INFO] │   └── slash@1.0.0 
[INFO] ├─┬ grunt-build-control@0.7.1 
[INFO] │ ├── bluebird@3.5.0 
[INFO] │ ├── semver@4.3.6 
[INFO] │ └── shelljs@0.2.6 
[INFO] ├─┬ grunt-contrib-clean@1.0.0 
[INFO] │ ├── async@1.5.2 
[INFO] │ └─┬ rimraf@2.6.1 
[INFO] │   └── glob@7.1.1 
[INFO] ├─┬ grunt-contrib-compress@1.4.1 
[INFO] │ ├─┬ archiver@1.3.0 
[INFO] │ │ ├─┬ archiver-utils@1.3.0 
[INFO] │ │ │ ├── glob@7.1.1 
[INFO] │ │ │ ├── lazystream@1.0.0 
[INFO] │ │ │ └─┬ normalize-path@2.1.1 
[INFO] │ │ │   └── remove-trailing-separator@1.0.1 
[INFO] │ │ ├── async@2.3.0 
[INFO] │ │ ├── buffer-crc32@0.2.13 
[INFO] │ │ ├── glob@7.1.1 
[INFO] │ │ ├─┬ tar-stream@1.5.2 
[INFO] │ │ │ ├── bl@1.2.0 
[INFO] │ │ │ └── end-of-stream@1.4.0 
[INFO] │ │ ├── walkdir@0.0.11 
[INFO] │ │ └─┬ zip-stream@1.1.1 
[INFO] │ │   └─┬ compress-commons@1.2.0 
[INFO] │ │     └─┬ crc32-stream@2.0.0 
[INFO] │ │       └── crc@3.4.4 
[INFO] │ ├─┬ iltorb@1.0.13 
[INFO] │ │ └── nan@2.5.1 
[INFO] │ ├── pretty-bytes@3.0.1 
[INFO] │ └── stream-buffers@2.2.0 
[INFO] ├─┬ grunt-contrib-concat@1.0.1 
[INFO] │ └── source-map@0.5.6 
[INFO] ├─┬ grunt-contrib-connect@1.0.2 
[INFO] │ ├─┬ connect@3.6.0 
[INFO] │ │ ├── debug@2.6.1 
[INFO] │ │ ├─┬ finalhandler@1.0.0 
[INFO] │ │ │ ├── debug@2.6.1 
[INFO] │ │ │ ├── statuses@1.3.1 
[INFO] │ │ │ └── unpipe@1.0.0 
[INFO] │ │ ├── parseurl@1.3.1 
[INFO] │ │ └── utils-merge@1.0.0 
[INFO] │ ├── connect-livereload@0.5.4 
[INFO] │ ├── http2@3.3.6 
[INFO] │ ├─┬ morgan@1.8.1 
[INFO] │ │ ├── basic-auth@1.1.0 
[INFO] │ │ ├── debug@2.6.1 
[INFO] │ │ ├── depd@1.1.0 
[INFO] │ │ ├─┬ on-finished@2.3.0 
[INFO] │ │ │ └── ee-first@1.1.1 
[INFO] │ │ └── on-headers@1.0.1 
[INFO] │ ├─┬ opn@4.0.2 
[INFO] │ │ └─┬ pinkie-promise@2.0.1 
[INFO] │ │   └── pinkie@2.0.4 
[INFO] │ ├── portscanner@1.2.0 
[INFO] │ ├─┬ serve-index@1.8.0 
[INFO] │ │ ├─┬ accepts@1.3.3 
[INFO] │ │ │ └── negotiator@0.6.1 
[INFO] │ │ ├── batch@0.5.3 
[INFO] │ │ ├─┬ debug@2.2.0 
[INFO] │ │ │ └── ms@0.7.1 
[INFO] │ │ ├── escape-html@1.0.3 
[INFO] │ │ ├─┬ http-errors@1.5.1 
[INFO] │ │ │ └── setprototypeof@1.0.2 
[INFO] │ │ └─┬ mime-types@2.1.15 
[INFO] │ │   └── mime-db@1.27.0 
[INFO] │ └─┬ serve-static@1.12.1 
[INFO] │   ├── encodeurl@1.0.1 
[INFO] │   └─┬ send@0.15.1 
[INFO] │     ├── debug@2.6.1 
[INFO] │     ├── destroy@1.0.4 
[INFO] │     ├── etag@1.8.0 
[INFO] │     ├── fresh@0.5.0 
[INFO] │     ├─┬ http-errors@1.6.1 
[INFO] │     │ └── setprototypeof@1.0.3 
[INFO] │     ├── mime@1.3.4 
[INFO] │     └── range-parser@1.2.0 
[INFO] ├─┬ grunt-contrib-copy@1.0.0 
[INFO] │ └── file-sync-cmp@0.1.1 
[INFO] ├─┬ grunt-contrib-cssmin@1.0.2 
[INFO] │ ├─┬ clean-css@3.4.25 
[INFO] │ │ ├── commander@2.8.1 
[INFO] │ │ └─┬ source-map@0.4.4 
[INFO] │ │   └── amdefine@1.0.1 
[INFO] │ └─┬ maxmin@1.1.0 
[INFO] │   ├─┬ gzip-size@1.0.0 
[INFO] │   │ └─┬ browserify-zlib@0.1.4 
[INFO] │   │   └── pako@0.2.9 
[INFO] │   └── pretty-bytes@1.0.4 
[INFO] ├─┬ grunt-contrib-qunit@1.3.0 
[INFO] │ └─┬ grunt-lib-phantomjs@1.1.0 
[INFO] │   ├─┬ phantomjs-prebuilt@2.1.14 
[INFO] │   │ ├── es6-promise@4.0.5 
[INFO] │   │ ├─┬ extract-zip@1.5.0 
[INFO] │   │ │ ├─┬ concat-stream@1.5.0 
[INFO] │   │ │ │ └── readable-stream@2.0.6 
[INFO] │   │ │ ├── debug@0.7.4 
[INFO] │   │ │ ├── mkdirp@0.5.0 
[INFO] │   │ │ └─┬ yauzl@2.4.1 
[INFO] │   │ │   └─┬ fd-slicer@1.0.1 
[INFO] │   │ │     └── pend@1.2.0 
[INFO] │   │ ├─┬ fs-extra@1.0.0 
[INFO] │   │ │ ├── jsonfile@2.4.0 
[INFO] │   │ │ └── klaw@1.3.1 
[INFO] │   │ ├─┬ hasha@2.2.0 
[INFO] │   │ │ └── is-stream@1.1.0 
[INFO] │   │ ├── kew@0.7.0 
[INFO] │   │ └─┬ request-progress@2.0.1 
[INFO] │   │   └── throttleit@1.0.0 
[INFO] │   ├── semver@5.3.0 
[INFO] │   └─┬ temporary@0.0.8 
[INFO] │     └── package@1.0.1 
[INFO] ├─┬ grunt-contrib-sass@1.0.0 
[INFO] │ ├── async@0.9.2 
[INFO] │ ├─┬ cross-spawn@0.2.9 
[INFO] │ │ └── lru-cache@2.7.3 
[INFO] │ ├── dargs@4.1.0 
[INFO] │ └─┬ which@1.2.14 
[INFO] │   └── isexe@2.0.0 
[INFO] ├─┬ grunt-contrib-uglify@2.3.0 
[INFO] │ ├─┬ object.assign@4.0.4 
[INFO] │ │ ├─┬ define-properties@1.1.2 
[INFO] │ │ │ └── foreach@2.0.5 
[INFO] │ │ ├── function-bind@1.1.0 
[INFO] │ │ └── object-keys@1.0.11 
[INFO] │ ├─┬ uglify-js@2.8.21 
[INFO] │ │ ├── uglify-to-browserify@1.0.2 
[INFO] │ │ └─┬ yargs@3.10.0 
[INFO] │ │   ├── camelcase@1.2.1 
[INFO] │ │   ├─┬ cliui@2.1.0 
[INFO] │ │   │ ├─┬ center-align@0.1.3 
[INFO] │ │   │ │ ├─┬ align-text@0.1.4 
[INFO] │ │   │ │ │ ├── longest@1.0.1 
[INFO] │ │   │ │ │ └── repeat-string@1.6.1 
[INFO] │ │   │ │ └── lazy-cache@1.0.4 
[INFO] │ │   │ ├── right-align@0.1.3 
[INFO] │ │   │ └── wordwrap@0.0.2 
[INFO] │ │   └── window-size@0.1.0 
[INFO] │ └── uri-path@1.0.0 
[INFO] ├─┬ grunt-contrib-watch@1.0.0 
[INFO] │ ├─┬ gaze@1.1.2 
[INFO] │ │ └─┬ globule@1.1.0 
[INFO] │ │   ├── glob@7.1.1 
[INFO] │ │   └── lodash@4.16.6 
[INFO] │ ├── lodash@3.10.1 
[INFO] │ └─┬ tiny-lr@0.2.1 
[INFO] │   ├─┬ body-parser@1.14.2 
[INFO] │   │ ├── bytes@2.2.0 
[INFO] │   │ ├── content-type@1.0.2 
[INFO] │   │ ├─┬ debug@2.2.0 
[INFO] │   │ │ └── ms@0.7.1 
[INFO] │   │ ├── http-errors@1.3.1 
[INFO] │   │ ├── iconv-lite@0.4.13 
[INFO] │   │ ├── qs@5.2.0 
[INFO] │   │ ├─┬ raw-body@2.1.7 
[INFO] │   │ │ ├── bytes@2.4.0 
[INFO] │   │ │ └── iconv-lite@0.4.13 
[INFO] │   │ └─┬ type-is@1.6.15 
[INFO] │   │   └── media-typer@0.3.0 
[INFO] │   ├─┬ debug@2.2.0 
[INFO] │   │ └── ms@0.7.1 
[INFO] │   ├─┬ faye-websocket@0.10.0 
[INFO] │   │ └─┬ websocket-driver@0.6.5 
[INFO] │   │   └── websocket-extensions@0.1.1 
[INFO] │   ├── livereload-js@2.2.2 
[INFO] │   └── qs@5.1.0 
[INFO] ├── grunt-exec@1.0.1 
[INFO] ├─┬ grunt-html@8.4.0 
[INFO] │ ├── async@2.2.0 
[INFO] │ └── vnu-jar@17.3.0 
[INFO] ├─┬ grunt-jekyll@0.4.6 
[INFO] │ └─┬ tmp@0.0.31 
[INFO] │   └── os-tmpdir@1.0.2 
[INFO] ├─┬ grunt-sass@1.2.1 
[INFO] │ ├─┬ each-async@1.1.1 
[INFO] │ │ ├── onetime@1.1.0 
[INFO] │ │ └── set-immediate-shim@1.0.1 
[INFO] │ ├─┬ node-sass@3.13.1 
[INFO] │ │ ├── async-foreach@0.1.3 
[INFO] │ │ ├─┬ cross-spawn@3.0.1 
[INFO] │ │ │ └─┬ lru-cache@4.0.2 
[INFO] │ │ │   ├── pseudomap@1.0.2 
[INFO] │ │ │   └── yallist@2.1.2 
[INFO] │ │ ├── glob@7.1.1 
[INFO] │ │ ├── in-publish@2.0.0 
[INFO] │ │ ├── lodash.assign@4.2.0 
[INFO] │ │ ├── lodash.clonedeep@4.5.0 
[INFO] │ │ ├─┬ node-gyp@3.6.0 
[INFO] │ │ │ ├── fstream@1.0.11 
[INFO] │ │ │ ├── glob@7.1.1 
[INFO] │ │ │ ├── osenv@0.1.4 
[INFO] │ │ │ └─┬ tar@2.2.1 
[INFO] │ │ │   └── block-stream@0.0.9 
[INFO] │ │ ├─┬ npmlog@4.0.2 
[INFO] │ │ │ ├─┬ are-we-there-yet@1.1.2 
[INFO] │ │ │ │ └── delegates@1.0.0 
[INFO] │ │ │ ├── console-control-strings@1.1.0 
[INFO] │ │ │ └─┬ gauge@2.7.3 
[INFO] │ │ │   ├── aproba@1.1.1 
[INFO] │ │ │   ├── has-unicode@2.0.1 
[INFO] │ │ │   └── wide-align@1.1.0 
[INFO] │ │ ├─┬ request@2.79.0 
[INFO] │ │ │ ├── aws-sign2@0.6.0 
[INFO] │ │ │ ├── aws4@1.6.0 
[INFO] │ │ │ ├── caseless@0.11.0 
[INFO] │ │ │ ├─┬ combined-stream@1.0.5 
[INFO] │ │ │ │ └── delayed-stream@1.0.0 
[INFO] │ │ │ ├── forever-agent@0.6.1 
[INFO] │ │ │ ├─┬ form-data@2.1.2 
[INFO] │ │ │ │ └── asynckit@0.4.0 
[INFO] │ │ │ ├─┬ har-validator@2.0.6 
[INFO] │ │ │ │ └── commander@2.9.0 
[INFO] │ │ │ ├─┬ hawk@3.1.3 
[INFO] │ │ │ │ ├── boom@2.10.1 
[INFO] │ │ │ │ ├── cryptiles@2.0.5 
[INFO] │ │ │ │ ├── hoek@2.16.3 
[INFO] │ │ │ │ └── sntp@1.0.9 
[INFO] │ │ │ ├─┬ http-signature@1.1.1 
[INFO] │ │ │ │ ├── assert-plus@0.2.0 
[INFO] │ │ │ │ ├─┬ jsprim@1.4.0 
[INFO] │ │ │ │ │ ├── assert-plus@1.0.0 
[INFO] │ │ │ │ │ ├── extsprintf@1.0.2 
[INFO] │ │ │ │ │ ├── json-schema@0.2.3 
[INFO] │ │ │ │ │ └── verror@1.3.6 
[INFO] │ │ │ │ └─┬ sshpk@1.11.0 
[INFO] │ │ │ │   ├── asn1@0.2.3 
[INFO] │ │ │ │   ├── assert-plus@1.0.0 
[INFO] │ │ │ │   ├── bcrypt-pbkdf@1.0.1 
[INFO] │ │ │ │   ├─┬ dashdash@1.14.1 
[INFO] │ │ │ │   │ └── assert-plus@1.0.0 
[INFO] │ │ │ │   ├── ecc-jsbn@0.1.1 
[INFO] │ │ │ │   ├─┬ getpass@0.1.6 
[INFO] │ │ │ │   │ └── assert-plus@1.0.0 
[INFO] │ │ │ │   ├── jodid25519@1.0.2 
[INFO] │ │ │ │   ├── jsbn@0.1.1 
[INFO] │ │ │ │   └── tweetnacl@0.14.5 
[INFO] │ │ │ ├── is-typedarray@1.0.0 
[INFO] │ │ │ ├── isstream@0.1.2 
[INFO] │ │ │ ├── json-stringify-safe@5.0.1 
[INFO] │ │ │ ├── oauth-sign@0.8.2 
[INFO] │ │ │ ├── qs@6.3.2 
[INFO] │ │ │ ├── stringstream@0.0.5 
[INFO] │ │ │ ├─┬ tough-cookie@2.3.2 
[INFO] │ │ │ │ └── punycode@1.4.1 
[INFO] │ │ │ ├── tunnel-agent@0.4.3 
[INFO] │ │ │ └── uuid@3.0.1 
[INFO] │ │ └─┬ sass-graph@2.1.2 
[INFO] │ │   ├── glob@7.1.1 
[INFO] │ │   └─┬ yargs@4.8.1 
[INFO] │ │     ├── cliui@3.2.0 
[INFO] │ │     └── window-size@0.2.0 
[INFO] │ └── object-assign@4.1.1 
[INFO] ├─┬ grunt-saucelabs@9.0.0 
[INFO] │ ├── colors@1.1.2 
[INFO] │ ├── lodash@4.13.1 
[INFO] │ ├── q@1.4.1 
[INFO] │ ├─┬ requestretry@1.9.1 
[INFO] │ │ ├── extend@3.0.0 
[INFO] │ │ ├─┬ fg-lodash@0.0.2 
[INFO] │ │ │ ├── lodash@2.4.2 
[INFO] │ │ │ └── underscore.string@2.3.3 
[INFO] │ │ └── when@3.7.8 
[INFO] │ ├─┬ sauce-tunnel@2.5.0 
[INFO] │ │ └── split@1.0.0 
[INFO] │ └─┬ saucelabs@1.2.0 
[INFO] │   └─┬ https-proxy-agent@1.0.0 
[INFO] │     └─┬ agent-base@2.0.1 
[INFO] │       └── semver@5.0.3 
[INFO] ├─┬ grunt-scss-lint@0.5.0 
[INFO] │ └── xmlbuilder@8.2.2 
[INFO] ├── grunt-stamp@0.3.0 
[INFO] ├─┬ htmlhint@0.9.13 
[INFO] │ ├── async@1.4.2 
[INFO] │ ├── colors@1.0.3 
[INFO] │ ├── commander@2.6.0 
[INFO] │ ├─┬ csslint@0.10.0 
[INFO] │ │ └── parserlib@0.2.5 
[INFO] │ ├─┬ jshint@2.8.0 
[INFO] │ │ ├─┬ cli@0.6.6 
[INFO] │ │ │ └─┬ glob@3.2.11 
[INFO] │ │ │   └─┬ minimatch@0.3.0 
[INFO] │ │ │     └── sigmund@1.0.1 
[INFO] │ │ ├─┬ console-browserify@1.1.0 
[INFO] │ │ │ └── date-now@0.1.4 
[INFO] │ │ ├── lodash@3.7.0 
[INFO] │ │ ├── minimatch@2.0.10 
[INFO] │ │ ├── shelljs@0.3.0 
[INFO] │ │ └── strip-json-comments@1.0.4 
[INFO] │ ├─┬ parse-glob@3.0.4 
[INFO] │ │ ├── glob-base@0.3.0 
[INFO] │ │ ├── is-dotfile@1.0.2 
[INFO] │ │ ├── is-extglob@1.0.0 
[INFO] │ │ └── is-glob@2.0.1 
[INFO] │ ├── strip-json-comments@1.0.4 
[INFO] │ └── xml@1.0.0 
[INFO] ├── is-travis@1.0.0 
[INFO] ├── jquery@3.2.1 
[INFO] ├─┬ jscs@3.0.7 
[INFO] │ ├─┬ cli-table@0.3.1 
[INFO] │ │ └── colors@1.0.3 
[INFO] │ ├─┬ commander@2.9.0 
[INFO] │ │ └── graceful-readlink@1.0.1 
[INFO] │ ├─┬ cst@0.4.9 
[INFO] │ │ └── source-map-support@0.4.14 
[INFO] │ ├─┬ htmlparser2@3.8.3 
[INFO] │ │ ├── domelementtype@1.3.0 
[INFO] │ │ ├── domhandler@2.3.0 
[INFO] │ │ ├─┬ domutils@1.5.1 
[INFO] │ │ │ └─┬ dom-serializer@0.1.0 
[INFO] │ │ │   ├── domelementtype@1.1.3 
[INFO] │ │ │   └── entities@1.1.1 
[INFO] │ │ ├── entities@1.0.0 
[INFO] │ │ └─┬ readable-stream@1.1.14 
[INFO] │ │   └── isarray@0.0.1 
[INFO] │ ├─┬ js-yaml@3.4.6 
[INFO] │ │ ├── esprima@2.7.3 
[INFO] │ │ └── inherit@2.2.6 
[INFO] │ ├─┬ jscs-jsdoc@2.0.0 
[INFO] │ │ ├── comment-parser@0.3.1 
[INFO] │ │ └─┬ jsdoctypeparser@1.2.0 
[INFO] │ │   └── lodash@3.10.1 
[INFO] │ ├── jscs-preset-wikimedia@1.0.0 
[INFO] │ ├─┬ jsonlint@1.6.2 
[INFO] │ │ ├── JSV@4.0.2 
[INFO] │ │ └─┬ nomnom@1.8.1 
[INFO] │ │   ├─┬ chalk@0.4.0 
[INFO] │ │   │ ├── ansi-styles@1.0.0 
[INFO] │ │   │ ├── has-color@0.1.7 
[INFO] │ │   │ └── strip-ansi@0.1.1 
[INFO] │ │   └── underscore@1.6.0 
[INFO] │ ├── lodash@3.10.1 
[INFO] │ ├── natural-compare@1.2.2 
[INFO] │ ├── pathval@0.1.1 
[INFO] │ ├─┬ prompt@0.2.14 
[INFO] │ │ ├── pkginfo@0.4.0 
[INFO] │ │ ├── read@1.0.7 
[INFO] │ │ ├── revalidator@0.1.8 
[INFO] │ │ ├─┬ utile@0.2.1 
[INFO] │ │ │ ├── async@0.2.10 
[INFO] │ │ │ ├── deep-equal@1.0.1 
[INFO] │ │ │ ├── i@0.3.5 
[INFO] │ │ │ └── ncp@0.4.2 
[INFO] │ │ └─┬ winston@0.8.3 
[INFO] │ │   ├── async@0.2.10 
[INFO] │ │   ├── colors@0.6.2 
[INFO] │ │   ├── cycle@1.0.3 
[INFO] │ │   ├── eyes@0.1.8 
[INFO] │ │   ├── pkginfo@0.3.1 
[INFO] │ │   └── stack-trace@0.0.9 
[INFO] │ ├── reserved-words@0.1.1 
[INFO] │ ├─┬ strip-bom@2.0.0 
[INFO] │ │ └── is-utf8@0.2.1 
[INFO] │ ├── strip-json-comments@1.0.4 
[INFO] │ ├── to-double-quotes@2.0.0 
[INFO] │ ├── to-single-quotes@2.0.1 
[INFO] │ ├── vow@0.4.15 
[INFO] │ ├─┬ vow-fs@0.3.6 
[INFO] │ │ ├── glob@7.1.1 
[INFO] │ │ ├── uuid@2.0.3 
[INFO] │ │ └── vow-queue@0.4.2 
[INFO] │ └── xmlbuilder@3.1.0 
[INFO] ├─┬ load-grunt-tasks@3.5.2 
[INFO] │ ├── arrify@1.0.1 
[INFO] │ ├─┬ multimatch@2.1.0 
[INFO] │ │ ├── array-differ@1.0.0 
[INFO] │ │ └─┬ array-union@1.0.2 
[INFO] │ │   └── array-uniq@1.0.3 
[INFO] │ ├─┬ pkg-up@1.0.0 
[INFO] │ │ └─┬ find-up@1.1.2 
[INFO] │ │   └── path-exists@2.1.0 
[INFO] │ └─┬ resolve-pkg@0.1.0 
[INFO] │   └── resolve-from@2.0.0 
[INFO] ├─┬ postcss-cli@2.6.0 
[INFO] │ ├─┬ chokidar@1.6.1 
[INFO] │ │ ├─┬ anymatch@1.3.0 
[INFO] │ │ │ └─┬ micromatch@2.3.11 
[INFO] │ │ │   ├─┬ arr-diff@2.0.0 
[INFO] │ │ │   │ └── arr-flatten@1.0.1 
[INFO] │ │ │   ├── array-unique@0.2.1 
[INFO] │ │ │   ├─┬ braces@1.8.5 
[INFO] │ │ │   │ ├─┬ expand-range@1.8.2 
[INFO] │ │ │   │ │ └─┬ fill-range@2.2.3 
[INFO] │ │ │   │ │   ├── is-number@2.1.0 
[INFO] │ │ │   │ │   ├── isobject@2.1.0 
[INFO] │ │ │   │ │   └── randomatic@1.1.6 
[INFO] │ │ │   │ ├── preserve@0.2.0 
[INFO] │ │ │   │ └── repeat-element@1.1.2 
[INFO] │ │ │   ├─┬ expand-brackets@0.1.5 
[INFO] │ │ │   │ └── is-posix-bracket@0.1.1 
[INFO] │ │ │   ├── extglob@0.3.2 
[INFO] │ │ │   ├── filename-regex@2.0.0 
[INFO] │ │ │   ├─┬ kind-of@3.1.0 
[INFO] │ │ │   │ └── is-buffer@1.1.5 
[INFO] │ │ │   ├─┬ object.omit@2.0.1 
[INFO] │ │ │   │ ├─┬ for-own@0.1.5 
[INFO] │ │ │   │ │ └── for-in@1.0.2 
[INFO] │ │ │   │ └── is-extendable@0.1.1 
[INFO] │ │ │   └─┬ regex-cache@0.4.3 
[INFO] │ │ │     ├── is-equal-shallow@0.1.3 
[INFO] │ │ │     └── is-primitive@2.0.0 
[INFO] │ │ ├── async-each@1.0.1 
[INFO] │ │ ├─┬ fsevents@1.1.1 
[INFO] │ │ │ └─┬ node-pre-gyp@0.6.33 
[INFO] │ │ │   ├─┬ mkdirp@0.5.1 
[INFO] │ │ │   │ └── minimist@0.0.8 
[INFO] │ │ │   ├─┬ nopt@3.0.6 
[INFO] │ │ │   │ └── abbrev@1.1.0 
[INFO] │ │ │   ├─┬ npmlog@4.0.2 
[INFO] │ │ │   │ ├─┬ are-we-there-yet@1.1.2 
[INFO] │ │ │   │ │ ├── delegates@1.0.0 
[INFO] │ │ │   │ │ └── readable-stream@2.2.2 
[INFO] │ │ │   │ ├── console-control-strings@1.1.0 
[INFO] │ │ │   │ ├─┬ gauge@2.7.3 
[INFO] │ │ │   │ │ ├── aproba@1.1.1 
[INFO] │ │ │   │ │ ├── has-unicode@2.0.1 
[INFO] │ │ │   │ │ ├── object-assign@4.1.1 
[INFO] │ │ │   │ │ ├── signal-exit@3.0.2 
[INFO] │ │ │   │ │ ├─┬ string-width@1.0.2 
[INFO] │ │ │   │ │ │ ├── code-point-at@1.1.0 
[INFO] │ │ │   │ │ │ └─┬ is-fullwidth-code-point@1.0.0 
[INFO] │ │ │   │ │ │   └── number-is-nan@1.0.1 
[INFO] │ │ │   │ │ ├─┬ strip-ansi@3.0.1 
[INFO] │ │ │   │ │ │ └── ansi-regex@2.1.1 
[INFO] │ │ │   │ │ └── wide-align@1.1.0 
[INFO] │ │ │   │ └── set-blocking@2.0.0 
[INFO] │ │ │   ├─┬ rc@1.1.7 
[INFO] │ │ │   │ ├── deep-extend@0.4.1 
[INFO] │ │ │   │ ├── ini@1.3.4 
[INFO] │ │ │   │ ├── minimist@1.2.0 
[INFO] │ │ │   │ └── strip-json-comments@2.0.1 
[INFO] │ │ │   ├─┬ request@2.79.0 
[INFO] │ │ │   │ ├── aws-sign2@0.6.0 
[INFO] │ │ │   │ ├── aws4@1.6.0 
[INFO] │ │ │   │ ├── caseless@0.11.0 
[INFO] │ │ │   │ ├─┬ combined-stream@1.0.5 
[INFO] │ │ │   │ │ └── delayed-stream@1.0.0 
[INFO] │ │ │   │ ├── extend@3.0.0 
[INFO] │ │ │   │ ├── forever-agent@0.6.1 
[INFO] │ │ │   │ ├─┬ form-data@2.1.2 
[INFO] │ │ │   │ │ └── asynckit@0.4.0 
[INFO] │ │ │   │ ├─┬ har-validator@2.0.6 
[INFO] │ │ │   │ │ ├─┬ chalk@1.1.3 
[INFO] │ │ │   │ │ │ ├── ansi-styles@2.2.1 
[INFO] │ │ │   │ │ │ ├── escape-string-regexp@1.0.5 
[INFO] │ │ │   │ │ │ ├── has-ansi@2.0.0 
[INFO] │ │ │   │ │ │ └── supports-color@2.0.0 
[INFO] │ │ │   │ │ ├─┬ commander@2.9.0 
[INFO] │ │ │   │ │ │ └── graceful-readlink@1.0.1 
[INFO] │ │ │   │ │ ├─┬ is-my-json-valid@2.15.0 
[INFO] │ │ │   │ │ │ ├── generate-function@2.0.0 
[INFO] │ │ │   │ │ │ ├─┬ generate-object-property@1.2.0 
[INFO] │ │ │   │ │ │ │ └── is-property@1.0.2 
[INFO] │ │ │   │ │ │ ├── jsonpointer@4.0.1 
[INFO] │ │ │   │ │ │ └── xtend@4.0.1 
[INFO] │ │ │   │ │ └─┬ pinkie-promise@2.0.1 
[INFO] │ │ │   │ │   └── pinkie@2.0.4 
[INFO] │ │ │   │ ├─┬ hawk@3.1.3 
[INFO] │ │ │   │ │ ├── boom@2.10.1 
[INFO] │ │ │   │ │ ├── cryptiles@2.0.5 
[INFO] │ │ │   │ │ ├── hoek@2.16.3 
[INFO] │ │ │   │ │ └── sntp@1.0.9 
[INFO] │ │ │   │ ├─┬ http-signature@1.1.1 
[INFO] │ │ │   │ │ ├── assert-plus@0.2.0 
[INFO] │ │ │   │ │ ├─┬ jsprim@1.3.1 
[INFO] │ │ │   │ │ │ ├── extsprintf@1.0.2 
[INFO] │ │ │   │ │ │ ├── json-schema@0.2.3 
[INFO] │ │ │   │ │ │ └── verror@1.3.6 
[INFO] │ │ │   │ │ └─┬ sshpk@1.10.2 
[INFO] │ │ │   │ │   ├── asn1@0.2.3 
[INFO] │ │ │   │ │   ├── assert-plus@1.0.0 
[INFO] │ │ │   │ │   ├── bcrypt-pbkdf@1.0.1 
[INFO] │ │ │   │ │   ├─┬ dashdash@1.14.1 
[INFO] │ │ │   │ │   │ └── assert-plus@1.0.0 
[INFO] │ │ │   │ │   ├── ecc-jsbn@0.1.1 
[INFO] │ │ │   │ │   ├─┬ getpass@0.1.6 
[INFO] │ │ │   │ │   │ └── assert-plus@1.0.0 
[INFO] │ │ │   │ │   ├── jodid25519@1.0.2 
[INFO] │ │ │   │ │   ├── jsbn@0.1.1 
[INFO] │ │ │   │ │   └── tweetnacl@0.14.5 
[INFO] │ │ │   │ ├── is-typedarray@1.0.0 
[INFO] │ │ │   │ ├── isstream@0.1.2 
[INFO] │ │ │   │ ├── json-stringify-safe@5.0.1 
[INFO] │ │ │   │ ├─┬ mime-types@2.1.14 
[INFO] │ │ │   │ │ └── mime-db@1.26.0 
[INFO] │ │ │   │ ├── oauth-sign@0.8.2 
[INFO] │ │ │   │ ├── qs@6.3.1 
[INFO] │ │ │   │ ├── stringstream@0.0.5 
[INFO] │ │ │   │ ├─┬ tough-cookie@2.3.2 
[INFO] │ │ │   │ │ └── punycode@1.4.1 
[INFO] │ │ │   │ ├── tunnel-agent@0.4.3 
[INFO] │ │ │   │ └── uuid@3.0.1 
[INFO] │ │ │   ├─┬ rimraf@2.5.4 
[INFO] │ │ │   │ └─┬ glob@7.1.1 
[INFO] │ │ │   │   ├── fs.realpath@1.0.0 
[INFO] │ │ │   │   ├── inflight@1.0.6 
[INFO] │ │ │   │   ├─┬ minimatch@3.0.3 
[INFO] │ │ │   │   │ └─┬ brace-expansion@1.1.6 
[INFO] │ │ │   │   │   ├── balanced-match@0.4.2 
[INFO] │ │ │   │   │   └── concat-map@0.0.1 
[INFO] │ │ │   │   ├── once@1.4.0 
[INFO] │ │ │   │   └── path-is-absolute@1.0.1 
[INFO] │ │ │   ├── semver@5.3.0 
[INFO] │ │ │   ├─┬ tar@2.2.1 
[INFO] │ │ │   │ ├── block-stream@0.0.9 
[INFO] │ │ │   │ ├─┬ fstream@1.0.10 
[INFO] │ │ │   │ │ └── graceful-fs@4.1.11 
[INFO] │ │ │   │ └── inherits@2.0.3 
[INFO] │ │ │   └─┬ tar-pack@3.3.0 
[INFO] │ │ │     ├─┬ debug@2.2.0 
[INFO] │ │ │     │ └── ms@0.7.1 
[INFO] │ │ │     ├── fstream-ignore@1.0.5 
[INFO] │ │ │     ├─┬ once@1.3.3 
[INFO] │ │ │     │ └── wrappy@1.0.2 
[INFO] │ │ │     ├─┬ readable-stream@2.1.5 
[INFO] │ │ │     │ ├── buffer-shims@1.0.0 
[INFO] │ │ │     │ ├── core-util-is@1.0.2 
[INFO] │ │ │     │ ├── isarray@1.0.0 
[INFO] │ │ │     │ ├── process-nextick-args@1.0.7 
[INFO] │ │ │     │ ├── string_decoder@0.10.31 
[INFO] │ │ │     │ └── util-deprecate@1.0.2 
[INFO] │ │ │     └── uid-number@0.0.6 
[INFO] │ │ ├── glob-parent@2.0.0 
[INFO] │ │ ├─┬ is-binary-path@1.0.1 
[INFO] │ │ │ └── binary-extensions@1.8.0 
[INFO] │ │ └── readdirp@2.1.0 
[INFO] │ ├─┬ globby@4.1.0 
[INFO] │ │ ├── glob@6.0.4 
[INFO] │ │ └── pify@2.3.0 
[INFO] │ ├── neo-async@1.8.2 
[INFO] │ ├─┬ read-file-stdin@0.2.1 
[INFO] │ │ └── gather-stream@1.0.0 
[INFO] │ └─┬ yargs@4.8.1 
[INFO] │   ├─┬ cliui@3.2.0 
[INFO] │   │ └── wrap-ansi@2.1.0 
[INFO] │   ├── decamelize@1.2.0 
[INFO] │   ├── get-caller-file@1.0.2 
[INFO] │   ├─┬ os-locale@1.4.0 
[INFO] │   │ └─┬ lcid@1.0.0 
[INFO] │   │   └── invert-kv@1.0.0 
[INFO] │   ├─┬ read-pkg-up@1.0.1 
[INFO] │   │ └─┬ read-pkg@1.1.0 
[INFO] │   │   ├─┬ load-json-file@1.1.0 
[INFO] │   │   │ ├─┬ parse-json@2.2.0 
[INFO] │   │   │ │ └─┬ error-ex@1.3.1 
[INFO] │   │   │ │   └── is-arrayish@0.2.1 
[INFO] │   │   │ └── strip-bom@2.0.0 
[INFO] │   │   └── path-type@1.1.0 
[INFO] │   ├── require-directory@2.1.1 
[INFO] │   ├── require-main-filename@1.0.1 
[INFO] │   ├── set-blocking@2.0.0 
[INFO] │   ├── which-module@1.0.0 
[INFO] │   ├── window-size@0.2.0 
[INFO] │   ├── y18n@3.2.1 
[INFO] │   └─┬ yargs-parser@2.4.1 
[INFO] │     └── camelcase@3.0.0 
[INFO] ├── postcss-flexbugs-fixes@2.1.0 
[INFO] ├─┬ shelljs@0.7.7 
[INFO] │ ├── glob@7.1.1 
[INFO] │ ├── interpret@1.0.2 
[INFO] │ └── rechoir@0.6.2 
[INFO] ├─┬ shx@0.1.4 
[INFO] │ └── minimist@1.2.0 
[INFO] ├── tether@1.4.0 
[INFO] └─┬ time-grunt@1.4.0 
[INFO]   ├─┬ date-time@1.1.0 
[INFO]   │ └── time-zone@0.1.0 
[INFO]   ├── figures@1.7.0 
[INFO]   ├── hooker@0.2.3 
[INFO]   ├── number-is-nan@1.0.1 
[INFO]   └─┬ pretty-ms@2.1.0 
[INFO]     ├── is-finite@1.0.2 
[INFO]     ├── parse-ms@1.0.1 
[INFO]     └── plur@1.0.0 
[INFO] 
[INFO] 
[INFO] --- frontend-maven-plugin:1.0:grunt (step #9: grunt build) @ tobago-theme-speyside ---
[INFO] Running 'grunt dist' in __CURRENT__/tobago-theme-speyside/target/bootstrap
[INFO] Running "clean:dist" (clean) task
[INFO] >> 1 path cleaned.
[INFO] 
[INFO] Running "sass:core" (sass) task
[INFO] 
[INFO] Running "sass:extras" (sass) task
[INFO] 
[INFO] Running "sass:docs" (sass) task
[INFO] 
[INFO] Running "exec:postcss" (exec) task
[INFO] 
[INFO] > bootstrap@4.0.0-alpha.5 postcss __CURRENT__/tobago-theme-speyside/target/bootstrap
[INFO] > postcss --config grunt/postcss.js --replace dist/css/*.css
[INFO] 
[INFO] 
[INFO] Running "cssmin:core" (cssmin) task
[INFO] >> 4 sourcemaps created.
[INFO] >> 4 files created. 349.83 kB → 270.33 kB
[INFO] 
[INFO] Running "cssmin:docs" (cssmin) task
[INFO] >> No files created.
[INFO] 
[INFO] Running "babel:dev" (babel) task
[INFO] 
[INFO] Running "concat:bootstrap" (concat) task
[INFO] 
[INFO] Running "babel:dist" (babel) task
[INFO] 
[INFO] Running "stamp:bootstrap" (stamp) task
[INFO] 
[INFO] Running "uglify:core" (uglify) task
[INFO] >> 1 file created 96.43 kB → 44.74 kB
[INFO] 
[INFO] Done.
[INFO] 
[INFO] 
[INFO] Execution Time (2017-04-05 14:56:53 UTC+2)
[INFO] sass:core     351ms  ▇▇▇ 4%
[INFO] sass:extras   380ms  ▇▇▇ 5%
[INFO] sass:docs     196ms  ▇▇ 2%
[INFO] exec:postcss   2.4s  ▇▇▇▇▇▇▇▇▇▇▇▇▇▇▇ 30%
[INFO] cssmin:core    1.2s  ▇▇▇▇▇▇▇▇ 15%
[INFO] babel:dev      1.9s  ▇▇▇▇▇▇▇▇▇▇▇▇ 23%
[INFO] babel:dist    915ms  ▇▇▇▇▇▇ 11%
[INFO] uglify:core   694ms  ▇▇▇▇▇ 9%
[INFO] Total 8.1s
[INFO] 
[INFO] 
[INFO] --- maven-resources-plugin:2.7:resources (default-resources) @ tobago-theme-speyside ---
[INFO] Using 'UTF-8' encoding to copy filtered resources.
[INFO] Copying 49 resources
[INFO] Copying 3 resources
[INFO] 
[INFO] --- maven-resources-plugin:2.7:copy-resources (step #10: copy-bootstrap-dist) @ tobago-theme-speyside ---
[INFO] Using 'UTF-8' encoding to copy filtered resources.
[INFO] Copying 6 resources
[INFO] 
[INFO] --- maven-compiler-plugin:3.5.1:compile (default-compile) @ tobago-theme-speyside ---
[INFO] No sources to compile
[INFO] 
[INFO] --- maven-antrun-plugin:1.8:run (set-version) @ tobago-theme-speyside ---
[INFO] Executing tasks

main:
[INFO] Executed tasks
[INFO] 
[INFO] --- maven-resources-plugin:2.7:testResources (default-testResources) @ tobago-theme-speyside ---
[INFO] Using 'UTF-8' encoding to copy filtered resources.
[INFO] skip non existing resourceDirectory __CURRENT__/tobago-theme-speyside/src/test/resources
[INFO] Copying 3 resources
[INFO] 
[INFO] --- maven-compiler-plugin:3.5.1:testCompile (default-testCompile) @ tobago-theme-speyside ---
[INFO] No sources to compile
[INFO] 
[INFO] --- maven-surefire-plugin:2.19.1:test (default-test) @ tobago-theme-speyside ---
[INFO] 
[INFO] --- maven-jar-plugin:2.6:jar (default-jar) @ tobago-theme-speyside ---
[INFO] Building jar: __CURRENT__/tobago-theme-speyside/target/tobago-theme-speyside-3.1.0-SNAPSHOT.jar
[INFO] 
[INFO] --- maven-site-plugin:3.5.1:attach-descriptor (attach-descriptor) @ tobago-theme-speyside ---
[INFO] 
[INFO] --- maven-install-plugin:2.5.2:install (default-install) @ tobago-theme-speyside ---
[INFO] Installing __CURRENT__/tobago-theme-speyside/target/tobago-theme-speyside-3.1.0-SNAPSHOT.jar to __REPO__/org/apache/myfaces/tobago/tobago-theme-speyside/3.1.0-SNAPSHOT/tobago-theme-speyside-3.1.0-SNAPSHOT.jar
[INFO] Installing __CURRENT__/tobago-theme-speyside/pom.xml to __REPO__/org/apache/myfaces/tobago/tobago-theme-speyside/3.1.0-SNAPSHOT/tobago-theme-speyside-3.1.0-SNAPSHOT.pom
[INFO] ------------------------------------------------------------------------
[INFO] BUILD SUCCESS
[INFO] ------------------------------------------------------------------------
[INFO] Total time: 02:04 min
[INFO] Finished at: 2017-04-05T14:57:02+02:00
[INFO] Final Memory: 35M/439M
[INFO] ------------------------------------------------------------------------
